2007.10.11 19:42 B C:\xampplite\htdocs\interface\ofa\src\classes\adodb\adodb-active-record.inc.php --> ofar.com.ar /ofarv2/classes/adodb adodb-active-record.inc.php
2007.10.11 19:42 B C:\xampplite\htdocs\interface\ofa\src\classes\adodb\adodb-csvlib.inc.php --> ofar.com.ar /ofarv2/classes/adodb adodb-csvlib.inc.php
2007.10.11 19:42 B C:\xampplite\htdocs\interface\ofa\src\classes\adodb\adodb-datadict.inc.php --> ofar.com.ar /ofarv2/classes/adodb adodb-datadict.inc.php
2007.10.11 19:42 B C:\xampplite\htdocs\interface\ofa\src\classes\adodb\adodb-error.inc.php --> ofar.com.ar /ofarv2/classes/adodb adodb-error.inc.php
2007.10.11 19:42 B C:\xampplite\htdocs\interface\ofa\src\classes\adodb\adodb-errorhandler.inc.php --> ofar.com.ar /ofarv2/classes/adodb adodb-errorhandler.inc.php
2007.10.11 19:42 B C:\xampplite\htdocs\interface\ofa\src\classes\adodb\adodb-errorpear.inc.php --> ofar.com.ar /ofarv2/classes/adodb adodb-errorpear.inc.php
2007.10.11 19:42 B C:\xampplite\htdocs\interface\ofa\src\classes\adodb\adodb-exceptions.inc.php --> ofar.com.ar /ofarv2/classes/adodb adodb-exceptions.inc.php
2007.10.11 19:42 B C:\xampplite\htdocs\interface\ofa\src\classes\adodb\adodb-iterator.inc.php --> ofar.com.ar /ofarv2/classes/adodb adodb-iterator.inc.php
2007.10.11 19:42 B C:\xampplite\htdocs\interface\ofa\src\classes\adodb\adodb-lib.inc.php --> ofar.com.ar /ofarv2/classes/adodb adodb-lib.inc.php
2007.10.11 19:42 B C:\xampplite\htdocs\interface\ofa\src\classes\adodb\adodb-memcache.lib.inc.php --> ofar.com.ar /ofarv2/classes/adodb adodb-memcache.lib.inc.php
2007.10.11 19:42 B C:\xampplite\htdocs\interface\ofa\src\classes\adodb\adodb-pager.inc.php --> ofar.com.ar /ofarv2/classes/adodb adodb-pager.inc.php
2007.10.11 19:42 B C:\xampplite\htdocs\interface\ofa\src\classes\adodb\adodb-pear.inc.php --> ofar.com.ar /ofarv2/classes/adodb adodb-pear.inc.php
2007.10.11 19:42 B C:\xampplite\htdocs\interface\ofa\src\classes\adodb\adodb-perf.inc.php --> ofar.com.ar /ofarv2/classes/adodb adodb-perf.inc.php
2007.10.11 19:42 B C:\xampplite\htdocs\interface\ofa\src\classes\adodb\adodb-php4.inc.php --> ofar.com.ar /ofarv2/classes/adodb adodb-php4.inc.php
2007.10.11 19:42 B C:\xampplite\htdocs\interface\ofa\src\classes\adodb\adodb-time.inc.php --> ofar.com.ar /ofarv2/classes/adodb adodb-time.inc.php
2007.10.11 19:42 B C:\xampplite\htdocs\interface\ofa\src\classes\adodb\adodb-xmlschema.inc.php --> ofar.com.ar /ofarv2/classes/adodb adodb-xmlschema.inc.php
2007.10.11 19:42 B C:\xampplite\htdocs\interface\ofa\src\classes\adodb\adodb-xmlschema03.inc.php --> ofar.com.ar /ofarv2/classes/adodb adodb-xmlschema03.inc.php
2007.10.11 19:42 B C:\xampplite\htdocs\interface\ofa\src\classes\adodb\adodb.inc.php --> ofar.com.ar /ofarv2/classes/adodb adodb.inc.php
2007.10.11 19:42 B C:\xampplite\htdocs\interface\ofa\src\classes\adodb\license.txt --> ofar.com.ar /ofarv2/classes/adodb license.txt
2007.10.11 19:42 B C:\xampplite\htdocs\interface\ofa\src\classes\adodb\pivottable.inc.php --> ofar.com.ar /ofarv2/classes/adodb pivottable.inc.php
2007.10.11 19:42 B C:\xampplite\htdocs\interface\ofa\src\classes\adodb\readme.txt --> ofar.com.ar /ofarv2/classes/adodb readme.txt
2007.10.11 19:42 B C:\xampplite\htdocs\interface\ofa\src\classes\adodb\rsfilter.inc.php --> ofar.com.ar /ofarv2/classes/adodb rsfilter.inc.php
2007.10.11 19:42 B C:\xampplite\htdocs\interface\ofa\src\classes\adodb\server.php --> ofar.com.ar /ofarv2/classes/adodb server.php
2007.10.11 19:42 B C:\xampplite\htdocs\interface\ofa\src\classes\adodb\toexport.inc.php --> ofar.com.ar /ofarv2/classes/adodb toexport.inc.php
2007.10.11 19:42 B C:\xampplite\htdocs\interface\ofa\src\classes\adodb\tohtml.inc.php --> ofar.com.ar /ofarv2/classes/adodb tohtml.inc.php
2007.10.11 19:42 B C:\xampplite\htdocs\interface\ofa\src\classes\adodb\xmlschema.dtd --> ofar.com.ar /ofarv2/classes/adodb xmlschema.dtd
2007.10.11 19:42 B C:\xampplite\htdocs\interface\ofa\src\classes\adodb\xmlschema03.dtd --> ofar.com.ar /ofarv2/classes/adodb xmlschema03.dtd
2007.10.11 21:51 B C:\xampplite\htdocs\interface\ofa\src\classes\adodb\adodb-active-record.inc.php --> ftp.blinkit.com.ar.elserver.com /htdocs/src/classes/adodb adodb-active-record.inc.php
2007.10.11 21:51 B C:\xampplite\htdocs\interface\ofa\src\classes\adodb\adodb-csvlib.inc.php --> ftp.blinkit.com.ar.elserver.com /htdocs/src/classes/adodb adodb-csvlib.inc.php
2007.10.11 21:51 B C:\xampplite\htdocs\interface\ofa\src\classes\adodb\adodb-datadict.inc.php --> ftp.blinkit.com.ar.elserver.com /htdocs/src/classes/adodb adodb-datadict.inc.php
2007.10.11 21:51 B C:\xampplite\htdocs\interface\ofa\src\classes\adodb\adodb-error.inc.php --> ftp.blinkit.com.ar.elserver.com /htdocs/src/classes/adodb adodb-error.inc.php
2007.10.11 21:51 B C:\xampplite\htdocs\interface\ofa\src\classes\adodb\adodb-errorhandler.inc.php --> ftp.blinkit.com.ar.elserver.com /htdocs/src/classes/adodb adodb-errorhandler.inc.php
2007.10.11 21:51 B C:\xampplite\htdocs\interface\ofa\src\classes\adodb\adodb-errorpear.inc.php --> ftp.blinkit.com.ar.elserver.com /htdocs/src/classes/adodb adodb-errorpear.inc.php
2007.10.11 21:51 B C:\xampplite\htdocs\interface\ofa\src\classes\adodb\adodb-exceptions.inc.php --> ftp.blinkit.com.ar.elserver.com /htdocs/src/classes/adodb adodb-exceptions.inc.php
2007.10.11 21:51 B C:\xampplite\htdocs\interface\ofa\src\classes\adodb\adodb-iterator.inc.php --> ftp.blinkit.com.ar.elserver.com /htdocs/src/classes/adodb adodb-iterator.inc.php
2007.10.11 21:51 B C:\xampplite\htdocs\interface\ofa\src\classes\adodb\adodb-lib.inc.php --> ftp.blinkit.com.ar.elserver.com /htdocs/src/classes/adodb adodb-lib.inc.php
2007.10.11 21:51 B C:\xampplite\htdocs\interface\ofa\src\classes\adodb\adodb-memcache.lib.inc.php --> ftp.blinkit.com.ar.elserver.com /htdocs/src/classes/adodb adodb-memcache.lib.inc.php
2007.10.11 21:51 B C:\xampplite\htdocs\interface\ofa\src\classes\adodb\adodb-pager.inc.php --> ftp.blinkit.com.ar.elserver.com /htdocs/src/classes/adodb adodb-pager.inc.php
2007.10.11 21:51 B C:\xampplite\htdocs\interface\ofa\src\classes\adodb\adodb-pear.inc.php --> ftp.blinkit.com.ar.elserver.com /htdocs/src/classes/adodb adodb-pear.inc.php
2007.10.11 21:51 B C:\xampplite\htdocs\interface\ofa\src\classes\adodb\adodb-perf.inc.php --> ftp.blinkit.com.ar.elserver.com /htdocs/src/classes/adodb adodb-perf.inc.php
2007.10.11 21:51 B C:\xampplite\htdocs\interface\ofa\src\classes\adodb\adodb-php4.inc.php --> ftp.blinkit.com.ar.elserver.com /htdocs/src/classes/adodb adodb-php4.inc.php
2007.10.11 21:51 B C:\xampplite\htdocs\interface\ofa\src\classes\adodb\adodb-time.inc.php --> ftp.blinkit.com.ar.elserver.com /htdocs/src/classes/adodb adodb-time.inc.php
2007.10.11 21:51 B C:\xampplite\htdocs\interface\ofa\src\classes\adodb\adodb-xmlschema.inc.php --> ftp.blinkit.com.ar.elserver.com /htdocs/src/classes/adodb adodb-xmlschema.inc.php
2007.10.11 21:51 B C:\xampplite\htdocs\interface\ofa\src\classes\adodb\adodb-xmlschema03.inc.php --> ftp.blinkit.com.ar.elserver.com /htdocs/src/classes/adodb adodb-xmlschema03.inc.php
2007.10.11 21:51 B C:\xampplite\htdocs\interface\ofa\src\classes\adodb\adodb.inc.php --> ftp.blinkit.com.ar.elserver.com /htdocs/src/classes/adodb adodb.inc.php
2007.10.11 21:51 B C:\xampplite\htdocs\interface\ofa\src\classes\adodb\license.txt --> ftp.blinkit.com.ar.elserver.com /htdocs/src/classes/adodb license.txt
2007.10.11 21:51 B C:\xampplite\htdocs\interface\ofa\src\classes\adodb\pivottable.inc.php --> ftp.blinkit.com.ar.elserver.com /htdocs/src/classes/adodb pivottable.inc.php
2007.10.11 21:51 B C:\xampplite\htdocs\interface\ofa\src\classes\adodb\readme.txt --> ftp.blinkit.com.ar.elserver.com /htdocs/src/classes/adodb readme.txt
2007.10.11 21:51 B C:\xampplite\htdocs\interface\ofa\src\classes\adodb\rsfilter.inc.php --> ftp.blinkit.com.ar.elserver.com /htdocs/src/classes/adodb rsfilter.inc.php
2007.10.11 21:51 B C:\xampplite\htdocs\interface\ofa\src\classes\adodb\server.php --> ftp.blinkit.com.ar.elserver.com /htdocs/src/classes/adodb server.php
2007.10.11 21:51 B C:\xampplite\htdocs\interface\ofa\src\classes\adodb\toexport.inc.php --> ftp.blinkit.com.ar.elserver.com /htdocs/src/classes/adodb toexport.inc.php
2007.10.11 21:51 B C:\xampplite\htdocs\interface\ofa\src\classes\adodb\tohtml.inc.php --> ftp.blinkit.com.ar.elserver.com /htdocs/src/classes/adodb tohtml.inc.php
2007.10.11 21:51 B C:\xampplite\htdocs\interface\ofa\src\classes\adodb\WS_FTP.LOG --> ftp.blinkit.com.ar.elserver.com /htdocs/src/classes/adodb WS_FTP.LOG
2007.10.11 21:51 B C:\xampplite\htdocs\interface\ofa\src\classes\adodb\xmlschema.dtd --> ftp.blinkit.com.ar.elserver.com /htdocs/src/classes/adodb xmlschema.dtd
2007.10.11 21:51 B C:\xampplite\htdocs\interface\ofa\src\classes\adodb\xmlschema03.dtd --> ftp.blinkit.com.ar.elserver.com /htdocs/src/classes/adodb xmlschema03.dtd
