2007.10.11 19:51 B C:\xampplite\htdocs\interface\ofa\src\sql.inc.php <-- ofar /ofar/include sql.inc.php
2007.10.11 20:02 B C:\xampplite\htdocs\interface\ofa\src\prueba.php --> ofar.com.ar /ofarv2 prueba.php
2007.10.11 20:04 B C:\xampplite\htdocs\interface\ofa\src\prueba.php --> ofar.com.ar /ofarv2 prueba.php
2007.10.11 21:56 B C:\xampplite\htdocs\interface\ofa\src\action_transaction.php --> ftp.blinkit.com.ar.elserver.com /htdocs/src action_transaction.php
2007.10.11 21:56 B C:\xampplite\htdocs\interface\ofa\src\ajax_iface_header.php --> ftp.blinkit.com.ar.elserver.com /htdocs/src ajax_iface_header.php
2007.10.11 21:56 B C:\xampplite\htdocs\interface\ofa\src\ajax_iface_lines.php --> ftp.blinkit.com.ar.elserver.com /htdocs/src ajax_iface_lines.php
2007.10.11 21:56 B C:\xampplite\htdocs\interface\ofa\src\appmain.php --> ftp.blinkit.com.ar.elserver.com /htdocs/src appmain.php
2007.10.11 21:56 B C:\xampplite\htdocs\interface\ofa\src\combo_fld_iface.php --> ftp.blinkit.com.ar.elserver.com /htdocs/src combo_fld_iface.php
2007.10.11 21:56 B C:\xampplite\htdocs\interface\ofa\src\config.php --> ftp.blinkit.com.ar.elserver.com /htdocs/src config.php
2007.10.11 21:56 B C:\xampplite\htdocs\interface\ofa\src\config_header.php --> ftp.blinkit.com.ar.elserver.com /htdocs/src config_header.php
2007.10.11 21:56 B C:\xampplite\htdocs\interface\ofa\src\config_lines.php --> ftp.blinkit.com.ar.elserver.com /htdocs/src config_lines.php
2007.10.11 21:56 B C:\xampplite\htdocs\interface\ofa\src\detail_transaction.php --> ftp.blinkit.com.ar.elserver.com /htdocs/src detail_transaction.php
2007.10.11 21:56 B C:\xampplite\htdocs\interface\ofa\src\detail_transaction_full.php --> ftp.blinkit.com.ar.elserver.com /htdocs/src detail_transaction_full.php
2007.10.11 21:56 B C:\xampplite\htdocs\interface\ofa\src\edit_order.php --> ftp.blinkit.com.ar.elserver.com /htdocs/src edit_order.php
2007.10.11 21:56 B C:\xampplite\htdocs\interface\ofa\src\edit_order_customer.php --> ftp.blinkit.com.ar.elserver.com /htdocs/src edit_order_customer.php
2007.10.11 21:56 B C:\xampplite\htdocs\interface\ofa\src\edit_user.php --> ftp.blinkit.com.ar.elserver.com /htdocs/src edit_user.php
2007.10.11 21:56 B C:\xampplite\htdocs\interface\ofa\src\global.php --> ftp.blinkit.com.ar.elserver.com /htdocs/src global.php
2007.10.11 21:56 B C:\xampplite\htdocs\interface\ofa\src\index.php --> ftp.blinkit.com.ar.elserver.com /htdocs/src index.php
2007.10.11 21:56 B C:\xampplite\htdocs\interface\ofa\src\login.php --> ftp.blinkit.com.ar.elserver.com /htdocs/src login.php
2007.10.11 21:56 B C:\xampplite\htdocs\interface\ofa\src\logout.php --> ftp.blinkit.com.ar.elserver.com /htdocs/src logout.php
2007.10.11 21:56 B C:\xampplite\htdocs\interface\ofa\src\new_customer.php --> ftp.blinkit.com.ar.elserver.com /htdocs/src new_customer.php
2007.10.11 21:56 B C:\xampplite\htdocs\interface\ofa\src\prueba.php --> ftp.blinkit.com.ar.elserver.com /htdocs/src prueba.php
2007.10.11 21:56 B C:\xampplite\htdocs\interface\ofa\src\save_order.php --> ftp.blinkit.com.ar.elserver.com /htdocs/src save_order.php
2007.10.11 21:56 B C:\xampplite\htdocs\interface\ofa\src\save_order_customer.php --> ftp.blinkit.com.ar.elserver.com /htdocs/src save_order_customer.php
2007.10.11 21:56 B C:\xampplite\htdocs\interface\ofa\src\search_customer.php --> ftp.blinkit.com.ar.elserver.com /htdocs/src search_customer.php
2007.10.11 21:56 B C:\xampplite\htdocs\interface\ofa\src\sql.inc.php --> ftp.blinkit.com.ar.elserver.com /htdocs/src sql.inc.php
2007.10.11 21:56 B C:\xampplite\htdocs\interface\ofa\src\transactions.php --> ftp.blinkit.com.ar.elserver.com /htdocs/src transactions.php
2007.10.11 21:56 B C:\xampplite\htdocs\interface\ofa\src\users.php --> ftp.blinkit.com.ar.elserver.com /htdocs/src users.php
2007.10.17 10:24 B C:\Documents and Settings\mfernandez\Escritorio\src\WS_FTP.LOG <-- blinkit /htdocs/src WS_FTP.LOG
2007.10.17 10:24 B C:\Documents and Settings\mfernandez\Escritorio\src\xml_customers.php <-- blinkit /htdocs/src xml_customers.php
2007.10.17 10:24 B C:\Documents and Settings\mfernandez\Escritorio\src\xml_login.php <-- blinkit /htdocs/src xml_login.php
2007.10.17 10:26 B C:\Documents and Settings\mfernandez\Escritorio\src\action_transaction.php --> ofar.com.ar /ofarv2 action_transaction.php
2007.10.17 10:26 B C:\Documents and Settings\mfernandez\Escritorio\src\ajax_iface_header.php --> ofar.com.ar /ofarv2 ajax_iface_header.php
2007.10.17 10:26 B C:\Documents and Settings\mfernandez\Escritorio\src\ajax_iface_lines.php --> ofar.com.ar /ofarv2 ajax_iface_lines.php
2007.10.17 10:26 B C:\Documents and Settings\mfernandez\Escritorio\src\appmain.php --> ofar.com.ar /ofarv2 appmain.php
2007.10.17 10:26 B C:\Documents and Settings\mfernandez\Escritorio\src\combo_fld_iface.php --> ofar.com.ar /ofarv2 combo_fld_iface.php
2007.10.17 10:26 B C:\Documents and Settings\mfernandez\Escritorio\src\config.php --> ofar.com.ar /ofarv2 config.php
2007.10.17 10:26 B C:\Documents and Settings\mfernandez\Escritorio\src\config_header.php --> ofar.com.ar /ofarv2 config_header.php
2007.10.17 10:26 B C:\Documents and Settings\mfernandez\Escritorio\src\config_lines.php --> ofar.com.ar /ofarv2 config_lines.php
2007.10.17 10:26 B C:\Documents and Settings\mfernandez\Escritorio\src\detail_transaction.php --> ofar.com.ar /ofarv2 detail_transaction.php
2007.10.17 10:26 B C:\Documents and Settings\mfernandez\Escritorio\src\detail_transaction_full.php --> ofar.com.ar /ofarv2 detail_transaction_full.php
2007.10.17 10:26 B C:\Documents and Settings\mfernandez\Escritorio\src\edit_order.php --> ofar.com.ar /ofarv2 edit_order.php
2007.10.17 10:26 B C:\Documents and Settings\mfernandez\Escritorio\src\edit_order_customer.php --> ofar.com.ar /ofarv2 edit_order_customer.php
2007.10.17 10:26 B C:\Documents and Settings\mfernandez\Escritorio\src\edit_user.php --> ofar.com.ar /ofarv2 edit_user.php
2007.10.17 10:26 B C:\Documents and Settings\mfernandez\Escritorio\src\global.php --> ofar.com.ar /ofarv2 global.php
2007.10.17 10:26 B C:\Documents and Settings\mfernandez\Escritorio\src\index.php --> ofar.com.ar /ofarv2 index.php
2007.10.17 10:26 B C:\Documents and Settings\mfernandez\Escritorio\src\login.php --> ofar.com.ar /ofarv2 login.php
2007.10.17 10:26 B C:\Documents and Settings\mfernandez\Escritorio\src\logout.php --> ofar.com.ar /ofarv2 logout.php
2007.10.17 10:26 B C:\Documents and Settings\mfernandez\Escritorio\src\new_customer.php --> ofar.com.ar /ofarv2 new_customer.php
2007.10.17 10:26 B C:\Documents and Settings\mfernandez\Escritorio\src\print.php --> ofar.com.ar /ofarv2 print.php
2007.10.17 10:26 B C:\Documents and Settings\mfernandez\Escritorio\src\prueba.php --> ofar.com.ar /ofarv2 prueba.php
2007.10.17 10:26 B C:\Documents and Settings\mfernandez\Escritorio\src\save_order.php --> ofar.com.ar /ofarv2 save_order.php
2007.10.17 10:26 B C:\Documents and Settings\mfernandez\Escritorio\src\save_order_customer.php --> ofar.com.ar /ofarv2 save_order_customer.php
2007.10.17 10:26 B C:\Documents and Settings\mfernandez\Escritorio\src\search_customer.php --> ofar.com.ar /ofarv2 search_customer.php
2007.10.17 10:26 B C:\Documents and Settings\mfernandez\Escritorio\src\sql.inc.php --> ofar.com.ar /ofarv2 sql.inc.php
2007.10.17 10:26 B C:\Documents and Settings\mfernandez\Escritorio\src\transactions.php --> ofar.com.ar /ofarv2 transactions.php
2007.10.17 10:26 B C:\Documents and Settings\mfernandez\Escritorio\src\users.php --> ofar.com.ar /ofarv2 users.php
2007.10.20 12:18 B C:\xampplite\htdocs\interface\ofa\src\WS_FTP.LOG <-- ofar /ofarv2 WS_FTP.LOG
2007.10.20 12:18 B C:\xampplite\htdocs\interface\ofa\src\users.php <-- ofar /ofarv2 users.php
2007.10.20 12:18 B C:\xampplite\htdocs\interface\ofa\src\transactions.php <-- ofar /ofarv2 transactions.php
2007.10.20 12:18 B C:\xampplite\htdocs\interface\ofa\src\sql.inc.php <-- ofar /ofarv2 sql.inc.php
2007.10.20 12:18 B C:\xampplite\htdocs\interface\ofa\src\search_customer.php <-- ofar /ofarv2 search_customer.php
2007.10.20 12:18 B C:\xampplite\htdocs\interface\ofa\src\save_order_customer.php <-- ofar /ofarv2 save_order_customer.php
2007.10.20 12:18 B C:\xampplite\htdocs\interface\ofa\src\new_customer.php <-- ofar /ofarv2 new_customer.php
2007.10.20 12:18 B C:\xampplite\htdocs\interface\ofa\src\logout.php <-- ofar /ofarv2 logout.php
2007.10.20 12:18 B C:\xampplite\htdocs\interface\ofa\src\login.php <-- ofar /ofarv2 login.php
2007.10.20 12:18 B C:\xampplite\htdocs\interface\ofa\src\index.php <-- ofar /ofarv2 index.php
2007.10.20 12:18 B C:\xampplite\htdocs\interface\ofa\src\global.php <-- ofar /ofarv2 global.php
2007.10.20 12:18 B C:\xampplite\htdocs\interface\ofa\src\edit_user.php <-- ofar /ofarv2 edit_user.php
2007.10.20 12:18 B C:\xampplite\htdocs\interface\ofa\src\edit_order_customer.php <-- ofar /ofarv2 edit_order_customer.php
2007.10.20 12:18 B C:\xampplite\htdocs\interface\ofa\src\detail_transaction_full.php <-- ofar /ofarv2 detail_transaction_full.php
2007.10.20 12:18 B C:\xampplite\htdocs\interface\ofa\src\config_lines.php <-- ofar /ofarv2 config_lines.php
2007.10.20 12:18 B C:\xampplite\htdocs\interface\ofa\src\config_header.php <-- ofar /ofarv2 config_header.php
2007.10.20 12:18 B C:\xampplite\htdocs\interface\ofa\src\config.php <-- ofar /ofarv2 config.php
2007.10.20 12:18 B C:\xampplite\htdocs\interface\ofa\src\combo_fld_iface.php <-- ofar /ofarv2 combo_fld_iface.php
2007.10.20 12:18 B C:\xampplite\htdocs\interface\ofa\src\appmain.php <-- ofar /ofarv2 appmain.php
2007.10.20 12:18 B C:\xampplite\htdocs\interface\ofa\src\ajax_iface_lines.php <-- ofar /ofarv2 ajax_iface_lines.php
2007.10.20 12:18 B C:\xampplite\htdocs\interface\ofa\src\ajax_iface_header.php <-- ofar /ofarv2 ajax_iface_header.php
2007.10.20 12:18 B C:\xampplite\htdocs\interface\ofa\src\action_transaction.php <-- ofar /ofarv2 action_transaction.php
2007.10.20 13:42 B C:\xampplite\htdocs\interface\ofa\src\search_customer.php --> ofar.com.ar /ofarv2 search_customer.php
2007.10.20 13:42 B C:\xampplite\htdocs\interface\ofa\src\new_customer.php --> ofar.com.ar /ofarv2 new_customer.php
2007.10.20 13:42 B C:\xampplite\htdocs\interface\ofa\src\print.php --> ofar.com.ar /ofarv2 print.php
2007.10.20 13:52 B C:\xampplite\htdocs\interface\ofa\src\new_customer.php --> ofar.com.ar /ofarv2 new_customer.php
2007.11.05 23:27 B C:\xampplite\htdocs\interface\ofa\src\action_transaction.php <-- ofar /ofarv2 action_transaction.php
2007.11.05 23:29 B C:\xampplite\htdocs\interface\ofa\src\detail_transaction.php <-- ofar /ofarv2 detail_transaction.php
2007.11.05 23:29 B C:\xampplite\htdocs\interface\ofa\src\new_customer.php <-- ofar /ofarv2 new_customer.php
2007.11.05 23:29 B C:\xampplite\htdocs\interface\ofa\src\print.php <-- ofar /ofarv2 print.php
2007.11.05 23:29 B C:\xampplite\htdocs\interface\ofa\src\search_customer.php <-- ofar /ofarv2 search_customer.php
2007.11.22 20:51 B C:\xampplite\htdocs\interface\ofa\src\new_customer.php --> ofar.com.ar /ofarv2 new_customer.php
2008.05.20 22:07 B C:\xampplite\htdocs\interface\ofa\src\action_transaction.php --> ofar.com.ar /ofarv2 action_transaction.php
2008.06.01 12:59 B C:\xampplite\htdocs\interface\ofa\src\change_transaction.php --> ofar.com.ar /ofarv2 change_transaction.php
2008.06.01 12:59 B C:\xampplite\htdocs\interface\ofa\src\detail_transaction_update.php --> ofar.com.ar /ofarv2 detail_transaction_update.php
2008.06.24 21:41 B C:\xampplite\htdocs\interface\ofa\src\search_customer_full.php --> ofar.com.ar / search_customer_full.php
2008.06.24 21:42 B C:\xampplite\htdocs\interface\ofa\src\search_customer_full.php --> ofar.com.ar /ofarv2 search_customer_full.php
2008.06.24 21:44 B C:\xampplite\htdocs\interface\ofa\src\search_customer_full.php --> ofar.com.ar /ofarv2 search_customer_full.php
2008.06.24 21:45 B C:\xampplite\htdocs\interface\ofa\src\search_customer_full.php --> ofar.com.ar /ofarv2 search_customer_full.php
