2007.10.11 19:37 B C:\xampplite\htdocs\interface\ofa\src\classes\adodb\datadict\datadict-access.inc.php --> ofar.com.ar /ofarv2/classes/adodb/datadict datadict-access.inc.php
2007.10.11 19:37 B C:\xampplite\htdocs\interface\ofa\src\classes\adodb\datadict\datadict-db2.inc.php --> ofar.com.ar /ofarv2/classes/adodb/datadict datadict-db2.inc.php
2007.10.11 19:37 B C:\xampplite\htdocs\interface\ofa\src\classes\adodb\datadict\datadict-firebird.inc.php --> ofar.com.ar /ofarv2/classes/adodb/datadict datadict-firebird.inc.php
2007.10.11 19:37 B C:\xampplite\htdocs\interface\ofa\src\classes\adodb\datadict\datadict-generic.inc.php --> ofar.com.ar /ofarv2/classes/adodb/datadict datadict-generic.inc.php
2007.10.11 19:37 B C:\xampplite\htdocs\interface\ofa\src\classes\adodb\datadict\datadict-ibase.inc.php --> ofar.com.ar /ofarv2/classes/adodb/datadict datadict-ibase.inc.php
2007.10.11 19:37 B C:\xampplite\htdocs\interface\ofa\src\classes\adodb\datadict\datadict-informix.inc.php --> ofar.com.ar /ofarv2/classes/adodb/datadict datadict-informix.inc.php
2007.10.11 19:37 B C:\xampplite\htdocs\interface\ofa\src\classes\adodb\datadict\datadict-mssql.inc.php --> ofar.com.ar /ofarv2/classes/adodb/datadict datadict-mssql.inc.php
2007.10.11 19:37 B C:\xampplite\htdocs\interface\ofa\src\classes\adodb\datadict\datadict-mysql.inc.php --> ofar.com.ar /ofarv2/classes/adodb/datadict datadict-mysql.inc.php
2007.10.11 19:37 B C:\xampplite\htdocs\interface\ofa\src\classes\adodb\datadict\datadict-oci8.inc.php --> ofar.com.ar /ofarv2/classes/adodb/datadict datadict-oci8.inc.php
2007.10.11 19:37 B C:\xampplite\htdocs\interface\ofa\src\classes\adodb\datadict\datadict-postgres.inc.php --> ofar.com.ar /ofarv2/classes/adodb/datadict datadict-postgres.inc.php
2007.10.11 19:37 B C:\xampplite\htdocs\interface\ofa\src\classes\adodb\datadict\datadict-sapdb.inc.php --> ofar.com.ar /ofarv2/classes/adodb/datadict datadict-sapdb.inc.php
2007.10.11 19:37 B C:\xampplite\htdocs\interface\ofa\src\classes\adodb\datadict\datadict-sybase.inc.php --> ofar.com.ar /ofarv2/classes/adodb/datadict datadict-sybase.inc.php
2007.10.11 21:50 B C:\xampplite\htdocs\interface\ofa\src\classes\adodb\datadict\datadict-access.inc.php --> ftp.blinkit.com.ar.elserver.com /htdocs/src/classes/adodb/datadict datadict-access.inc.php
2007.10.11 21:50 B C:\xampplite\htdocs\interface\ofa\src\classes\adodb\datadict\datadict-db2.inc.php --> ftp.blinkit.com.ar.elserver.com /htdocs/src/classes/adodb/datadict datadict-db2.inc.php
2007.10.11 21:50 B C:\xampplite\htdocs\interface\ofa\src\classes\adodb\datadict\datadict-firebird.inc.php --> ftp.blinkit.com.ar.elserver.com /htdocs/src/classes/adodb/datadict datadict-firebird.inc.php
2007.10.11 21:50 B C:\xampplite\htdocs\interface\ofa\src\classes\adodb\datadict\datadict-generic.inc.php --> ftp.blinkit.com.ar.elserver.com /htdocs/src/classes/adodb/datadict datadict-generic.inc.php
2007.10.11 21:50 B C:\xampplite\htdocs\interface\ofa\src\classes\adodb\datadict\datadict-ibase.inc.php --> ftp.blinkit.com.ar.elserver.com /htdocs/src/classes/adodb/datadict datadict-ibase.inc.php
2007.10.11 21:50 B C:\xampplite\htdocs\interface\ofa\src\classes\adodb\datadict\datadict-informix.inc.php --> ftp.blinkit.com.ar.elserver.com /htdocs/src/classes/adodb/datadict datadict-informix.inc.php
2007.10.11 21:50 B C:\xampplite\htdocs\interface\ofa\src\classes\adodb\datadict\datadict-mssql.inc.php --> ftp.blinkit.com.ar.elserver.com /htdocs/src/classes/adodb/datadict datadict-mssql.inc.php
2007.10.11 21:50 B C:\xampplite\htdocs\interface\ofa\src\classes\adodb\datadict\datadict-mysql.inc.php --> ftp.blinkit.com.ar.elserver.com /htdocs/src/classes/adodb/datadict datadict-mysql.inc.php
2007.10.11 21:50 B C:\xampplite\htdocs\interface\ofa\src\classes\adodb\datadict\datadict-oci8.inc.php --> ftp.blinkit.com.ar.elserver.com /htdocs/src/classes/adodb/datadict datadict-oci8.inc.php
2007.10.11 21:50 B C:\xampplite\htdocs\interface\ofa\src\classes\adodb\datadict\datadict-postgres.inc.php --> ftp.blinkit.com.ar.elserver.com /htdocs/src/classes/adodb/datadict datadict-postgres.inc.php
2007.10.11 21:50 B C:\xampplite\htdocs\interface\ofa\src\classes\adodb\datadict\datadict-sapdb.inc.php --> ftp.blinkit.com.ar.elserver.com /htdocs/src/classes/adodb/datadict datadict-sapdb.inc.php
2007.10.11 21:50 B C:\xampplite\htdocs\interface\ofa\src\classes\adodb\datadict\datadict-sybase.inc.php --> ftp.blinkit.com.ar.elserver.com /htdocs/src/classes/adodb/datadict datadict-sybase.inc.php
2007.10.11 21:50 B C:\xampplite\htdocs\interface\ofa\src\classes\adodb\datadict\WS_FTP.LOG --> ftp.blinkit.com.ar.elserver.com /htdocs/src/classes/adodb/datadict WS_FTP.LOG
