2007.10.11 19:47 B C:\xampplite\htdocs\interface\ofa\src\img\ajax-loader.gif --> ofar.com.ar /ofarv2/img ajax-loader.gif
2007.10.11 19:47 B C:\xampplite\htdocs\interface\ofa\src\img\bd.gif --> ofar.com.ar /ofarv2/img bd.gif
2007.10.11 19:47 B C:\xampplite\htdocs\interface\ofa\src\img\be.gif --> ofar.com.ar /ofarv2/img be.gif
2007.10.11 19:47 B C:\xampplite\htdocs\interface\ofa\src\img\blank.gif --> ofar.com.ar /ofarv2/img blank.gif
2007.10.11 19:47 B C:\xampplite\htdocs\interface\ofa\src\img\bs.gif --> ofar.com.ar /ofarv2/img bs.gif
2007.10.11 19:47 B C:\xampplite\htdocs\interface\ofa\src\img\by.gif --> ofar.com.ar /ofarv2/img by.gif
2007.10.11 19:47 B C:\xampplite\htdocs\interface\ofa\src\img\combo_select.gif --> ofar.com.ar /ofarv2/img combo_select.gif
2007.10.11 19:47 B C:\xampplite\htdocs\interface\ofa\src\img\de.gif --> ofar.com.ar /ofarv2/img de.gif
2007.10.11 19:47 B C:\xampplite\htdocs\interface\ofa\src\img\delete.gif --> ofar.com.ar /ofarv2/img delete.gif
2007.10.11 19:47 B C:\xampplite\htdocs\interface\ofa\src\img\edit.gif --> ofar.com.ar /ofarv2/img edit.gif
2007.10.11 19:47 B C:\xampplite\htdocs\interface\ofa\src\img\erp.jpg --> ofar.com.ar /ofarv2/img erp.jpg
2007.10.11 19:47 B C:\xampplite\htdocs\interface\ofa\src\img\erp_small.jpg --> ofar.com.ar /ofarv2/img erp_small.jpg
2007.10.11 19:47 B C:\xampplite\htdocs\interface\ofa\src\img\fi.gif --> ofar.com.ar /ofarv2/img fi.gif
2007.10.11 19:47 B C:\xampplite\htdocs\interface\ofa\src\img\fr.gif --> ofar.com.ar /ofarv2/img fr.gif
2007.10.11 19:47 B C:\xampplite\htdocs\interface\ofa\src\img\go.gif --> ofar.com.ar /ofarv2/img go.gif
2007.10.11 19:47 B C:\xampplite\htdocs\interface\ofa\src\img\icono-search.gif --> ofar.com.ar /ofarv2/img icono-search.gif
2007.10.11 19:47 B C:\xampplite\htdocs\interface\ofa\src\img\logo_ofar.jpg --> ofar.com.ar /ofarv2/img logo_ofar.jpg
2007.10.11 19:47 B C:\xampplite\htdocs\interface\ofa\src\img\us.gif --> ofar.com.ar /ofarv2/img us.gif
2007.10.11 21:55 B C:\xampplite\htdocs\interface\ofa\src\img\ajax-loader.gif --> ftp.blinkit.com.ar.elserver.com /htdocs/src/img ajax-loader.gif
2007.10.11 21:55 B C:\xampplite\htdocs\interface\ofa\src\img\bd.gif --> ftp.blinkit.com.ar.elserver.com /htdocs/src/img bd.gif
2007.10.11 21:55 B C:\xampplite\htdocs\interface\ofa\src\img\be.gif --> ftp.blinkit.com.ar.elserver.com /htdocs/src/img be.gif
2007.10.11 21:55 B C:\xampplite\htdocs\interface\ofa\src\img\blank.gif --> ftp.blinkit.com.ar.elserver.com /htdocs/src/img blank.gif
2007.10.11 21:55 B C:\xampplite\htdocs\interface\ofa\src\img\bs.gif --> ftp.blinkit.com.ar.elserver.com /htdocs/src/img bs.gif
2007.10.11 21:55 B C:\xampplite\htdocs\interface\ofa\src\img\by.gif --> ftp.blinkit.com.ar.elserver.com /htdocs/src/img by.gif
2007.10.11 21:55 B C:\xampplite\htdocs\interface\ofa\src\img\combo_select.gif --> ftp.blinkit.com.ar.elserver.com /htdocs/src/img combo_select.gif
2007.10.11 21:55 B C:\xampplite\htdocs\interface\ofa\src\img\de.gif --> ftp.blinkit.com.ar.elserver.com /htdocs/src/img de.gif
2007.10.11 21:55 B C:\xampplite\htdocs\interface\ofa\src\img\delete.gif --> ftp.blinkit.com.ar.elserver.com /htdocs/src/img delete.gif
2007.10.11 21:55 B C:\xampplite\htdocs\interface\ofa\src\img\edit.gif --> ftp.blinkit.com.ar.elserver.com /htdocs/src/img edit.gif
2007.10.11 21:55 B C:\xampplite\htdocs\interface\ofa\src\img\erp.jpg --> ftp.blinkit.com.ar.elserver.com /htdocs/src/img erp.jpg
2007.10.11 21:55 B C:\xampplite\htdocs\interface\ofa\src\img\erp_small.jpg --> ftp.blinkit.com.ar.elserver.com /htdocs/src/img erp_small.jpg
2007.10.11 21:55 B C:\xampplite\htdocs\interface\ofa\src\img\fi.gif --> ftp.blinkit.com.ar.elserver.com /htdocs/src/img fi.gif
2007.10.11 21:55 B C:\xampplite\htdocs\interface\ofa\src\img\fr.gif --> ftp.blinkit.com.ar.elserver.com /htdocs/src/img fr.gif
2007.10.11 21:55 B C:\xampplite\htdocs\interface\ofa\src\img\go.gif --> ftp.blinkit.com.ar.elserver.com /htdocs/src/img go.gif
2007.10.11 21:55 B C:\xampplite\htdocs\interface\ofa\src\img\icono-search.gif --> ftp.blinkit.com.ar.elserver.com /htdocs/src/img icono-search.gif
2007.10.11 21:55 B C:\xampplite\htdocs\interface\ofa\src\img\logo_ofar.jpg --> ftp.blinkit.com.ar.elserver.com /htdocs/src/img logo_ofar.jpg
2007.10.11 21:55 B C:\xampplite\htdocs\interface\ofa\src\img\us.gif --> ftp.blinkit.com.ar.elserver.com /htdocs/src/img us.gif
2007.10.11 21:55 B C:\xampplite\htdocs\interface\ofa\src\img\WS_FTP.LOG --> ftp.blinkit.com.ar.elserver.com /htdocs/src/img WS_FTP.LOG
2007.10.20 12:19 B C:\xampplite\htdocs\interface\ofa\src\img\erp_small.jpg <-- ofar /ofarv2/img erp_small.jpg
2007.10.20 12:19 B C:\xampplite\htdocs\interface\ofa\src\img\biosintex_ofar.jpg <-- ofar /ofarv2/img biosintex_ofar.jpg
2007.10.20 12:19 B C:\xampplite\htdocs\interface\ofa\src\img\us.gif <-- ofar /ofarv2/img us.gif
2007.10.20 12:19 B C:\xampplite\htdocs\interface\ofa\src\img\logo_ofar.jpg <-- ofar /ofarv2/img logo_ofar.jpg
2007.10.20 12:19 B C:\xampplite\htdocs\interface\ofa\src\img\icono-search.gif <-- ofar /ofarv2/img icono-search.gif
2007.10.20 12:19 B C:\xampplite\htdocs\interface\ofa\src\img\go.gif <-- ofar /ofarv2/img go.gif
2007.10.20 12:19 B C:\xampplite\htdocs\interface\ofa\src\img\fr.gif <-- ofar /ofarv2/img fr.gif
2007.10.20 12:19 B C:\xampplite\htdocs\interface\ofa\src\img\fi.gif <-- ofar /ofarv2/img fi.gif
2007.10.20 12:19 B C:\xampplite\htdocs\interface\ofa\src\img\erp.jpg <-- ofar /ofarv2/img erp.jpg
2007.10.20 12:19 B C:\xampplite\htdocs\interface\ofa\src\img\edit.gif <-- ofar /ofarv2/img edit.gif
2007.10.20 12:19 B C:\xampplite\htdocs\interface\ofa\src\img\delete.gif <-- ofar /ofarv2/img delete.gif
2007.10.20 12:19 B C:\xampplite\htdocs\interface\ofa\src\img\de.gif <-- ofar /ofarv2/img de.gif
2007.10.20 12:19 B C:\xampplite\htdocs\interface\ofa\src\img\combo_select.gif <-- ofar /ofarv2/img combo_select.gif
2007.10.20 12:19 B C:\xampplite\htdocs\interface\ofa\src\img\by.gif <-- ofar /ofarv2/img by.gif
2007.10.20 12:19 B C:\xampplite\htdocs\interface\ofa\src\img\bs.gif <-- ofar /ofarv2/img bs.gif
2007.10.20 12:19 B C:\xampplite\htdocs\interface\ofa\src\img\blank.gif <-- ofar /ofarv2/img blank.gif
2007.10.20 12:19 B C:\xampplite\htdocs\interface\ofa\src\img\be.gif <-- ofar /ofarv2/img be.gif
2007.10.20 12:19 B C:\xampplite\htdocs\interface\ofa\src\img\bd.gif <-- ofar /ofarv2/img bd.gif
2007.10.20 12:19 B C:\xampplite\htdocs\interface\ofa\src\img\ajax-loader.gif <-- ofar /ofarv2/img ajax-loader.gif
