2007.10.11 19:55 B C:\xampplite\htdocs\interface\ofa\src\classes\cls_sql_ofar.php --> ofar.com.ar /ofarv2/classes cls_sql_ofar.php
2007.10.11 21:55 B C:\xampplite\htdocs\interface\ofa\src\classes\cls_abm.php --> ftp.blinkit.com.ar.elserver.com /htdocs/src/classes cls_abm.php
2007.10.11 21:55 B C:\xampplite\htdocs\interface\ofa\src\classes\cls_custom_customer.php --> ftp.blinkit.com.ar.elserver.com /htdocs/src/classes cls_custom_customer.php
2007.10.11 21:55 B C:\xampplite\htdocs\interface\ofa\src\classes\cls_customer.php --> ftp.blinkit.com.ar.elserver.com /htdocs/src/classes cls_customer.php
2007.10.11 21:55 B C:\xampplite\htdocs\interface\ofa\src\classes\cls_ftp.php --> ftp.blinkit.com.ar.elserver.com /htdocs/src/classes cls_ftp.php
2007.10.11 21:55 B C:\xampplite\htdocs\interface\ofa\src\classes\cls_header_config.php --> ftp.blinkit.com.ar.elserver.com /htdocs/src/classes cls_header_config.php
2007.10.11 21:55 B C:\xampplite\htdocs\interface\ofa\src\classes\cls_iface_config.php --> ftp.blinkit.com.ar.elserver.com /htdocs/src/classes cls_iface_config.php
2007.10.11 21:55 B C:\xampplite\htdocs\interface\ofa\src\classes\cls_interface.php --> ftp.blinkit.com.ar.elserver.com /htdocs/src/classes cls_interface.php
2007.10.11 21:55 B C:\xampplite\htdocs\interface\ofa\src\classes\cls_interface_header.php --> ftp.blinkit.com.ar.elserver.com /htdocs/src/classes cls_interface_header.php
2007.10.11 21:55 B C:\xampplite\htdocs\interface\ofa\src\classes\cls_interface_lines.php --> ftp.blinkit.com.ar.elserver.com /htdocs/src/classes cls_interface_lines.php
2007.10.11 21:55 B C:\xampplite\htdocs\interface\ofa\src\classes\cls_lines_config.php --> ftp.blinkit.com.ar.elserver.com /htdocs/src/classes cls_lines_config.php
2007.10.11 21:55 B C:\xampplite\htdocs\interface\ofa\src\classes\cls_list_price.php --> ftp.blinkit.com.ar.elserver.com /htdocs/src/classes cls_list_price.php
2007.10.11 21:55 B C:\xampplite\htdocs\interface\ofa\src\classes\cls_page.php --> ftp.blinkit.com.ar.elserver.com /htdocs/src/classes cls_page.php
2007.10.11 21:55 B C:\xampplite\htdocs\interface\ofa\src\classes\cls_pay_terms.php --> ftp.blinkit.com.ar.elserver.com /htdocs/src/classes cls_pay_terms.php
2007.10.11 21:55 B C:\xampplite\htdocs\interface\ofa\src\classes\cls_product.php --> ftp.blinkit.com.ar.elserver.com /htdocs/src/classes cls_product.php
2007.10.11 21:55 B C:\xampplite\htdocs\interface\ofa\src\classes\cls_product_container.php --> ftp.blinkit.com.ar.elserver.com /htdocs/src/classes cls_product_container.php
2007.10.11 21:55 B C:\xampplite\htdocs\interface\ofa\src\classes\cls_product_promo.php --> ftp.blinkit.com.ar.elserver.com /htdocs/src/classes cls_product_promo.php
2007.10.11 21:55 B C:\xampplite\htdocs\interface\ofa\src\classes\cls_salesrep.php --> ftp.blinkit.com.ar.elserver.com /htdocs/src/classes cls_salesrep.php
2007.10.11 21:55 B C:\xampplite\htdocs\interface\ofa\src\classes\cls_search.php --> ftp.blinkit.com.ar.elserver.com /htdocs/src/classes cls_search.php
2007.10.11 21:55 B C:\xampplite\htdocs\interface\ofa\src\classes\cls_sql.php --> ftp.blinkit.com.ar.elserver.com /htdocs/src/classes cls_sql.php
2007.10.11 21:55 B C:\xampplite\htdocs\interface\ofa\src\classes\cls_sql_ofar.php --> ftp.blinkit.com.ar.elserver.com /htdocs/src/classes cls_sql_ofar.php
2007.10.11 21:55 B C:\xampplite\htdocs\interface\ofa\src\classes\cls_sql_table.php --> ftp.blinkit.com.ar.elserver.com /htdocs/src/classes cls_sql_table.php
2007.10.11 21:55 B C:\xampplite\htdocs\interface\ofa\src\classes\cls_terms.php --> ftp.blinkit.com.ar.elserver.com /htdocs/src/classes cls_terms.php
2007.10.11 21:55 B C:\xampplite\htdocs\interface\ofa\src\classes\cls_transaction.php --> ftp.blinkit.com.ar.elserver.com /htdocs/src/classes cls_transaction.php
2007.10.11 21:55 B C:\xampplite\htdocs\interface\ofa\src\classes\cls_transaction_state.php --> ftp.blinkit.com.ar.elserver.com /htdocs/src/classes cls_transaction_state.php
2007.10.11 21:55 B C:\xampplite\htdocs\interface\ofa\src\classes\cls_user.php --> ftp.blinkit.com.ar.elserver.com /htdocs/src/classes cls_user.php
2007.10.11 21:55 B C:\xampplite\htdocs\interface\ofa\src\classes\cls_utils.php --> ftp.blinkit.com.ar.elserver.com /htdocs/src/classes cls_utils.php
2007.10.11 21:55 B C:\xampplite\htdocs\interface\ofa\src\classes\package.php --> ftp.blinkit.com.ar.elserver.com /htdocs/src/classes package.php
2007.10.11 21:55 B C:\xampplite\htdocs\interface\ofa\src\classes\pear.php --> ftp.blinkit.com.ar.elserver.com /htdocs/src/classes pear.php
2007.10.11 21:55 B C:\xampplite\htdocs\interface\ofa\src\classes\prueba.php --> ftp.blinkit.com.ar.elserver.com /htdocs/src/classes prueba.php
2007.10.11 21:55 B C:\xampplite\htdocs\interface\ofa\src\classes\service.php --> ftp.blinkit.com.ar.elserver.com /htdocs/src/classes service.php
2007.10.17 10:23 B C:\Documents and Settings\mfernandez\Escritorio\src\classes\WS_FTP.LOG <-- blinkit /htdocs/src/classes WS_FTP.LOG
2007.10.17 10:23 B C:\Documents and Settings\mfernandez\Escritorio\src\classes\ws_interface_.php <-- blinkit /htdocs/src/classes ws_interface_.php
2007.10.17 10:25 B C:\Documents and Settings\mfernandez\Escritorio\src\classes\cls_abm.php --> ofar.com.ar /ofarv2 cls_abm.php
2007.10.17 10:25 B C:\Documents and Settings\mfernandez\Escritorio\src\classes\cls_custom_customer.php --> ofar.com.ar /ofarv2 cls_custom_customer.php
2007.10.17 10:25 B C:\Documents and Settings\mfernandez\Escritorio\src\classes\cls_customer.php --> ofar.com.ar /ofarv2 cls_customer.php
2007.10.17 10:25 B C:\Documents and Settings\mfernandez\Escritorio\src\classes\cls_ftp.php --> ofar.com.ar /ofarv2 cls_ftp.php
2007.10.17 10:25 B C:\Documents and Settings\mfernandez\Escritorio\src\classes\cls_header_config.php --> ofar.com.ar /ofarv2 cls_header_config.php
2007.10.17 10:25 B C:\Documents and Settings\mfernandez\Escritorio\src\classes\cls_iface_config.php --> ofar.com.ar /ofarv2 cls_iface_config.php
2007.10.17 10:25 B C:\Documents and Settings\mfernandez\Escritorio\src\classes\cls_interface.php --> ofar.com.ar /ofarv2 cls_interface.php
2007.10.17 10:25 B C:\Documents and Settings\mfernandez\Escritorio\src\classes\cls_interface_header.php --> ofar.com.ar /ofarv2 cls_interface_header.php
2007.10.17 10:25 B C:\Documents and Settings\mfernandez\Escritorio\src\classes\cls_interface_lines.php --> ofar.com.ar /ofarv2 cls_interface_lines.php
2007.10.17 10:25 B C:\Documents and Settings\mfernandez\Escritorio\src\classes\cls_lines_config.php --> ofar.com.ar /ofarv2 cls_lines_config.php
2007.10.17 10:25 B C:\Documents and Settings\mfernandez\Escritorio\src\classes\cls_list_price.php --> ofar.com.ar /ofarv2 cls_list_price.php
2007.10.17 10:25 B C:\Documents and Settings\mfernandez\Escritorio\src\classes\cls_page.php --> ofar.com.ar /ofarv2 cls_page.php
2007.10.17 10:25 B C:\Documents and Settings\mfernandez\Escritorio\src\classes\cls_pay_terms.php --> ofar.com.ar /ofarv2 cls_pay_terms.php
2007.10.17 10:25 B C:\Documents and Settings\mfernandez\Escritorio\src\classes\cls_product.php --> ofar.com.ar /ofarv2 cls_product.php
2007.10.17 10:25 B C:\Documents and Settings\mfernandez\Escritorio\src\classes\cls_product_container.php --> ofar.com.ar /ofarv2 cls_product_container.php
2007.10.17 10:25 B C:\Documents and Settings\mfernandez\Escritorio\src\classes\cls_product_promo.php --> ofar.com.ar /ofarv2 cls_product_promo.php
2007.10.17 10:25 B C:\Documents and Settings\mfernandez\Escritorio\src\classes\cls_salesrep.php --> ofar.com.ar /ofarv2 cls_salesrep.php
2007.10.17 10:25 B C:\Documents and Settings\mfernandez\Escritorio\src\classes\cls_search.php --> ofar.com.ar /ofarv2 cls_search.php
2007.10.17 10:25 B C:\Documents and Settings\mfernandez\Escritorio\src\classes\cls_sql.php --> ofar.com.ar /ofarv2 cls_sql.php
2007.10.17 10:25 B C:\Documents and Settings\mfernandez\Escritorio\src\classes\cls_sql_table.php --> ofar.com.ar /ofarv2 cls_sql_table.php
2007.10.17 10:25 B C:\Documents and Settings\mfernandez\Escritorio\src\classes\cls_terms.php --> ofar.com.ar /ofarv2 cls_terms.php
2007.10.17 10:25 B C:\Documents and Settings\mfernandez\Escritorio\src\classes\cls_transaction.php --> ofar.com.ar /ofarv2 cls_transaction.php
2007.10.17 10:25 B C:\Documents and Settings\mfernandez\Escritorio\src\classes\cls_transaction_state.php --> ofar.com.ar /ofarv2 cls_transaction_state.php
2007.10.17 10:25 B C:\Documents and Settings\mfernandez\Escritorio\src\classes\cls_user.php --> ofar.com.ar /ofarv2 cls_user.php
2007.10.17 10:25 B C:\Documents and Settings\mfernandez\Escritorio\src\classes\cls_utils.php --> ofar.com.ar /ofarv2 cls_utils.php
2007.10.17 10:25 B C:\Documents and Settings\mfernandez\Escritorio\src\classes\package.php --> ofar.com.ar /ofarv2 package.php
2007.10.17 10:25 B C:\Documents and Settings\mfernandez\Escritorio\src\classes\pear.php --> ofar.com.ar /ofarv2 pear.php
2007.10.17 10:25 B C:\Documents and Settings\mfernandez\Escritorio\src\classes\prueba.php --> ofar.com.ar /ofarv2 prueba.php
2007.10.17 10:25 B C:\Documents and Settings\mfernandez\Escritorio\src\classes\service.php --> ofar.com.ar /ofarv2 service.php
2007.10.17 10:25 B C:\Documents and Settings\mfernandez\Escritorio\src\classes\WS_FTP.LOG --> ofar.com.ar /ofarv2 WS_FTP.LOG
2007.10.17 10:25 B C:\Documents and Settings\mfernandez\Escritorio\src\classes\ws_interface_.php --> ofar.com.ar /ofarv2 ws_interface_.php
2007.10.17 10:25 B C:\Documents and Settings\mfernandez\Escritorio\src\classes\cls_abm.php --> ofar.com.ar /ofarv2/classes cls_abm.php
2007.10.17 10:25 B C:\Documents and Settings\mfernandez\Escritorio\src\classes\cls_abm.php --> ofar.com.ar /ofarv2/classes cls_abm.php
2007.10.17 10:25 B C:\Documents and Settings\mfernandez\Escritorio\src\classes\cls_custom_customer.php --> ofar.com.ar /ofarv2/classes cls_custom_customer.php
2007.10.17 10:25 B C:\Documents and Settings\mfernandez\Escritorio\src\classes\cls_customer.php --> ofar.com.ar /ofarv2/classes cls_customer.php
2007.10.17 10:25 B C:\Documents and Settings\mfernandez\Escritorio\src\classes\cls_ftp.php --> ofar.com.ar /ofarv2/classes cls_ftp.php
2007.10.17 10:25 B C:\Documents and Settings\mfernandez\Escritorio\src\classes\cls_header_config.php --> ofar.com.ar /ofarv2/classes cls_header_config.php
2007.10.17 10:25 B C:\Documents and Settings\mfernandez\Escritorio\src\classes\cls_iface_config.php --> ofar.com.ar /ofarv2/classes cls_iface_config.php
2007.10.17 10:25 B C:\Documents and Settings\mfernandez\Escritorio\src\classes\cls_interface.php --> ofar.com.ar /ofarv2/classes cls_interface.php
2007.10.17 10:25 B C:\Documents and Settings\mfernandez\Escritorio\src\classes\cls_interface_header.php --> ofar.com.ar /ofarv2/classes cls_interface_header.php
2007.10.17 10:25 B C:\Documents and Settings\mfernandez\Escritorio\src\classes\cls_interface_lines.php --> ofar.com.ar /ofarv2/classes cls_interface_lines.php
2007.10.17 10:25 B C:\Documents and Settings\mfernandez\Escritorio\src\classes\cls_lines_config.php --> ofar.com.ar /ofarv2/classes cls_lines_config.php
2007.10.17 10:25 B C:\Documents and Settings\mfernandez\Escritorio\src\classes\cls_list_price.php --> ofar.com.ar /ofarv2/classes cls_list_price.php
2007.10.17 10:25 B C:\Documents and Settings\mfernandez\Escritorio\src\classes\cls_page.php --> ofar.com.ar /ofarv2/classes cls_page.php
2007.10.17 10:25 B C:\Documents and Settings\mfernandez\Escritorio\src\classes\cls_pay_terms.php --> ofar.com.ar /ofarv2/classes cls_pay_terms.php
2007.10.17 10:25 B C:\Documents and Settings\mfernandez\Escritorio\src\classes\cls_product.php --> ofar.com.ar /ofarv2/classes cls_product.php
2007.10.17 10:25 B C:\Documents and Settings\mfernandez\Escritorio\src\classes\cls_product_container.php --> ofar.com.ar /ofarv2/classes cls_product_container.php
2007.10.17 10:25 B C:\Documents and Settings\mfernandez\Escritorio\src\classes\cls_product_promo.php --> ofar.com.ar /ofarv2/classes cls_product_promo.php
2007.10.17 10:25 B C:\Documents and Settings\mfernandez\Escritorio\src\classes\cls_salesrep.php --> ofar.com.ar /ofarv2/classes cls_salesrep.php
2007.10.17 10:25 B C:\Documents and Settings\mfernandez\Escritorio\src\classes\cls_search.php --> ofar.com.ar /ofarv2/classes cls_search.php
2007.10.17 10:25 B C:\Documents and Settings\mfernandez\Escritorio\src\classes\cls_sql.php --> ofar.com.ar /ofarv2/classes cls_sql.php
2007.10.17 10:25 B C:\Documents and Settings\mfernandez\Escritorio\src\classes\cls_sql_table.php --> ofar.com.ar /ofarv2/classes cls_sql_table.php
2007.10.17 10:25 B C:\Documents and Settings\mfernandez\Escritorio\src\classes\cls_terms.php --> ofar.com.ar /ofarv2/classes cls_terms.php
2007.10.17 10:25 B C:\Documents and Settings\mfernandez\Escritorio\src\classes\cls_transaction.php --> ofar.com.ar /ofarv2/classes cls_transaction.php
2007.10.17 10:25 B C:\Documents and Settings\mfernandez\Escritorio\src\classes\cls_transaction_state.php --> ofar.com.ar /ofarv2/classes cls_transaction_state.php
2007.10.17 10:25 B C:\Documents and Settings\mfernandez\Escritorio\src\classes\cls_user.php --> ofar.com.ar /ofarv2/classes cls_user.php
2007.10.17 10:25 B C:\Documents and Settings\mfernandez\Escritorio\src\classes\cls_utils.php --> ofar.com.ar /ofarv2/classes cls_utils.php
2007.10.17 10:25 B C:\Documents and Settings\mfernandez\Escritorio\src\classes\package.php --> ofar.com.ar /ofarv2/classes package.php
2007.10.17 10:25 B C:\Documents and Settings\mfernandez\Escritorio\src\classes\pear.php --> ofar.com.ar /ofarv2/classes pear.php
2007.10.17 10:25 B C:\Documents and Settings\mfernandez\Escritorio\src\classes\prueba.php --> ofar.com.ar /ofarv2/classes prueba.php
2007.10.17 10:25 B C:\Documents and Settings\mfernandez\Escritorio\src\classes\service.php --> ofar.com.ar /ofarv2/classes service.php
2007.11.05 23:30 B C:\xampplite\htdocs\interface\ofa\src\classes\WS_FTP.LOG <-- ofar /ofarv2/classes WS_FTP.LOG
2007.11.05 23:30 B C:\xampplite\htdocs\interface\ofa\src\classes\ws_interface_.php <-- ofar /ofarv2/classes ws_interface_.php
2008.05.18 16:02 B C:\xampplite\htdocs\interface\ofa\src\classes\cls_abm.php --> ofar.com.ar /ofarv2/classes cls_abm.php
2008.05.18 16:02 B C:\xampplite\htdocs\interface\ofa\src\classes\cls_custom_customer.php --> ofar.com.ar /ofarv2/classes cls_custom_customer.php
2008.05.18 16:02 B C:\xampplite\htdocs\interface\ofa\src\classes\cls_customer.php --> ofar.com.ar /ofarv2/classes cls_customer.php
2008.05.18 16:02 B C:\xampplite\htdocs\interface\ofa\src\classes\cls_ftp.php --> ofar.com.ar /ofarv2/classes cls_ftp.php
2008.05.18 16:02 B C:\xampplite\htdocs\interface\ofa\src\classes\cls_header_config.php --> ofar.com.ar /ofarv2/classes cls_header_config.php
2008.05.18 16:02 B C:\xampplite\htdocs\interface\ofa\src\classes\cls_iface_config.php --> ofar.com.ar /ofarv2/classes cls_iface_config.php
2008.05.18 16:02 B C:\xampplite\htdocs\interface\ofa\src\classes\cls_interface.php --> ofar.com.ar /ofarv2/classes cls_interface.php
2008.05.18 16:02 B C:\xampplite\htdocs\interface\ofa\src\classes\cls_interface_header.php --> ofar.com.ar /ofarv2/classes cls_interface_header.php
2008.05.18 16:02 B C:\xampplite\htdocs\interface\ofa\src\classes\cls_interface_lines.php --> ofar.com.ar /ofarv2/classes cls_interface_lines.php
2008.05.18 16:02 B C:\xampplite\htdocs\interface\ofa\src\classes\cls_lines_config.php --> ofar.com.ar /ofarv2/classes cls_lines_config.php
2008.05.18 16:02 B C:\xampplite\htdocs\interface\ofa\src\classes\cls_list_price.php --> ofar.com.ar /ofarv2/classes cls_list_price.php
2008.05.18 16:02 B C:\xampplite\htdocs\interface\ofa\src\classes\cls_page.php --> ofar.com.ar /ofarv2/classes cls_page.php
2008.05.18 16:02 B C:\xampplite\htdocs\interface\ofa\src\classes\cls_pay_terms.php --> ofar.com.ar /ofarv2/classes cls_pay_terms.php
2008.05.18 16:02 B C:\xampplite\htdocs\interface\ofa\src\classes\cls_product.php --> ofar.com.ar /ofarv2/classes cls_product.php
2008.05.18 16:02 B C:\xampplite\htdocs\interface\ofa\src\classes\cls_product_container.php --> ofar.com.ar /ofarv2/classes cls_product_container.php
2008.05.18 16:02 B C:\xampplite\htdocs\interface\ofa\src\classes\cls_product_promo.php --> ofar.com.ar /ofarv2/classes cls_product_promo.php
2008.05.18 16:02 B C:\xampplite\htdocs\interface\ofa\src\classes\cls_salesrep.php --> ofar.com.ar /ofarv2/classes cls_salesrep.php
2008.05.18 16:02 B C:\xampplite\htdocs\interface\ofa\src\classes\cls_search.php --> ofar.com.ar /ofarv2/classes cls_search.php
2008.05.18 16:02 B C:\xampplite\htdocs\interface\ofa\src\classes\cls_sql_table.php --> ofar.com.ar /ofarv2/classes cls_sql_table.php
2008.05.18 16:02 B C:\xampplite\htdocs\interface\ofa\src\classes\cls_terms.php --> ofar.com.ar /ofarv2/classes cls_terms.php
2008.05.18 16:02 B C:\xampplite\htdocs\interface\ofa\src\classes\cls_transaction.php --> ofar.com.ar /ofarv2/classes cls_transaction.php
2008.05.18 16:02 B C:\xampplite\htdocs\interface\ofa\src\classes\cls_transaction_state.php --> ofar.com.ar /ofarv2/classes cls_transaction_state.php
2008.05.18 16:02 B C:\xampplite\htdocs\interface\ofa\src\classes\cls_user.php --> ofar.com.ar /ofarv2/classes cls_user.php
2008.05.18 16:02 B C:\xampplite\htdocs\interface\ofa\src\classes\cls_utils.php --> ofar.com.ar /ofarv2/classes cls_utils.php
2008.05.18 16:02 B C:\xampplite\htdocs\interface\ofa\src\classes\package.php --> ofar.com.ar /ofarv2/classes package.php
2008.05.18 16:02 B C:\xampplite\htdocs\interface\ofa\src\classes\pear.php --> ofar.com.ar /ofarv2/classes pear.php
2008.05.18 16:02 B C:\xampplite\htdocs\interface\ofa\src\classes\prueba.php --> ofar.com.ar /ofarv2/classes prueba.php
2008.05.18 16:02 B C:\xampplite\htdocs\interface\ofa\src\classes\service.php --> ofar.com.ar /ofarv2/classes service.php
