2007.10.11 19:33 B C:\xampplite\htdocs\interface\ofa\src\classes\nusoap-php5\lib\changelog --> ofar.com.ar /ofarv2/classes/nusoap-php5/lib changelog
2007.10.11 19:33 B C:\xampplite\htdocs\interface\ofa\src\classes\nusoap-php5\lib\class.nusoap_base.php --> ofar.com.ar /ofarv2/classes/nusoap-php5/lib class.nusoap_base.php
2007.10.11 19:33 B C:\xampplite\htdocs\interface\ofa\src\classes\nusoap-php5\lib\class.soap_fault.php --> ofar.com.ar /ofarv2/classes/nusoap-php5/lib class.soap_fault.php
2007.10.11 19:33 B C:\xampplite\htdocs\interface\ofa\src\classes\nusoap-php5\lib\class.soap_parser.php --> ofar.com.ar /ofarv2/classes/nusoap-php5/lib class.soap_parser.php
2007.10.11 19:33 B C:\xampplite\htdocs\interface\ofa\src\classes\nusoap-php5\lib\class.soap_server.php --> ofar.com.ar /ofarv2/classes/nusoap-php5/lib class.soap_server.php
2007.10.11 19:33 B C:\xampplite\htdocs\interface\ofa\src\classes\nusoap-php5\lib\class.soap_transport_http.php --> ofar.com.ar /ofarv2/classes/nusoap-php5/lib class.soap_transport_http.php
2007.10.11 19:33 B C:\xampplite\htdocs\interface\ofa\src\classes\nusoap-php5\lib\class.soap_val.php --> ofar.com.ar /ofarv2/classes/nusoap-php5/lib class.soap_val.php
2007.10.11 19:33 B C:\xampplite\htdocs\interface\ofa\src\classes\nusoap-php5\lib\class.soapclient.php --> ofar.com.ar /ofarv2/classes/nusoap-php5/lib class.soapclient.php
2007.10.11 19:33 B C:\xampplite\htdocs\interface\ofa\src\classes\nusoap-php5\lib\class.wsdl.php --> ofar.com.ar /ofarv2/classes/nusoap-php5/lib class.wsdl.php
2007.10.11 19:33 B C:\xampplite\htdocs\interface\ofa\src\classes\nusoap-php5\lib\class.wsdlcache.php --> ofar.com.ar /ofarv2/classes/nusoap-php5/lib class.wsdlcache.php
2007.10.11 19:33 B C:\xampplite\htdocs\interface\ofa\src\classes\nusoap-php5\lib\class.xmlschema.php --> ofar.com.ar /ofarv2/classes/nusoap-php5/lib class.xmlschema.php
2007.10.11 19:34 B C:\xampplite\htdocs\interface\ofa\src\classes\nusoap-php5\lib\nusoap.php --> ofar.com.ar /ofarv2/classes/nusoap-php5/lib nusoap.php
2007.10.11 19:34 B C:\xampplite\htdocs\interface\ofa\src\classes\nusoap-php5\lib\nusoapmime.php --> ofar.com.ar /ofarv2/classes/nusoap-php5/lib nusoapmime.php
2007.10.11 21:51 B C:\xampplite\htdocs\interface\ofa\src\classes\nusoap-php5\lib\changelog --> ftp.blinkit.com.ar.elserver.com /htdocs/src/classes/nusoap-php5/lib changelog
2007.10.11 21:51 B C:\xampplite\htdocs\interface\ofa\src\classes\nusoap-php5\lib\class.nusoap_base.php --> ftp.blinkit.com.ar.elserver.com /htdocs/src/classes/nusoap-php5/lib class.nusoap_base.php
2007.10.11 21:51 B C:\xampplite\htdocs\interface\ofa\src\classes\nusoap-php5\lib\class.soap_fault.php --> ftp.blinkit.com.ar.elserver.com /htdocs/src/classes/nusoap-php5/lib class.soap_fault.php
2007.10.11 21:51 B C:\xampplite\htdocs\interface\ofa\src\classes\nusoap-php5\lib\class.soap_parser.php --> ftp.blinkit.com.ar.elserver.com /htdocs/src/classes/nusoap-php5/lib class.soap_parser.php
2007.10.11 21:51 B C:\xampplite\htdocs\interface\ofa\src\classes\nusoap-php5\lib\class.soap_server.php --> ftp.blinkit.com.ar.elserver.com /htdocs/src/classes/nusoap-php5/lib class.soap_server.php
2007.10.11 21:51 B C:\xampplite\htdocs\interface\ofa\src\classes\nusoap-php5\lib\class.soap_transport_http.php --> ftp.blinkit.com.ar.elserver.com /htdocs/src/classes/nusoap-php5/lib class.soap_transport_http.php
2007.10.11 21:51 B C:\xampplite\htdocs\interface\ofa\src\classes\nusoap-php5\lib\class.soap_val.php --> ftp.blinkit.com.ar.elserver.com /htdocs/src/classes/nusoap-php5/lib class.soap_val.php
2007.10.11 21:51 B C:\xampplite\htdocs\interface\ofa\src\classes\nusoap-php5\lib\class.soapclient.php --> ftp.blinkit.com.ar.elserver.com /htdocs/src/classes/nusoap-php5/lib class.soapclient.php
2007.10.11 21:51 B C:\xampplite\htdocs\interface\ofa\src\classes\nusoap-php5\lib\class.wsdl.php --> ftp.blinkit.com.ar.elserver.com /htdocs/src/classes/nusoap-php5/lib class.wsdl.php
2007.10.11 21:51 B C:\xampplite\htdocs\interface\ofa\src\classes\nusoap-php5\lib\class.wsdlcache.php --> ftp.blinkit.com.ar.elserver.com /htdocs/src/classes/nusoap-php5/lib class.wsdlcache.php
2007.10.11 21:51 B C:\xampplite\htdocs\interface\ofa\src\classes\nusoap-php5\lib\class.xmlschema.php --> ftp.blinkit.com.ar.elserver.com /htdocs/src/classes/nusoap-php5/lib class.xmlschema.php
2007.10.11 21:52 B C:\xampplite\htdocs\interface\ofa\src\classes\nusoap-php5\lib\nusoap.php --> ftp.blinkit.com.ar.elserver.com /htdocs/src/classes/nusoap-php5/lib nusoap.php
2007.10.11 21:52 B C:\xampplite\htdocs\interface\ofa\src\classes\nusoap-php5\lib\nusoapmime.php --> ftp.blinkit.com.ar.elserver.com /htdocs/src/classes/nusoap-php5/lib nusoapmime.php
2007.10.11 21:52 B C:\xampplite\htdocs\interface\ofa\src\classes\nusoap-php5\lib\WS_FTP.LOG --> ftp.blinkit.com.ar.elserver.com /htdocs/src/classes/nusoap-php5/lib WS_FTP.LOG
