2007.10.11 19:46 B C:\xampplite\htdocs\interface\ofa\src\js\abm.js --> ofar.com.ar /ofarv2/js abm.js
2007.10.11 19:46 B C:\xampplite\htdocs\interface\ofa\src\js\abm.js --> ofar.com.ar /ofarv2/js abm.js
2007.10.11 19:46 B C:\xampplite\htdocs\interface\ofa\src\js\cls_iface_config.js --> ofar.com.ar /ofarv2/js cls_iface_config.js
2007.10.11 19:46 B C:\xampplite\htdocs\interface\ofa\src\js\dhtmlXCombo.js --> ofar.com.ar /ofarv2/js dhtmlXCombo.js
2007.10.11 19:46 B C:\xampplite\htdocs\interface\ofa\src\js\dhtmlXCombo_extra.js --> ofar.com.ar /ofarv2/js dhtmlXCombo_extra.js
2007.10.11 19:46 B C:\xampplite\htdocs\interface\ofa\src\js\dhtmlXCommon.js --> ofar.com.ar /ofarv2/js dhtmlXCommon.js
2007.10.11 19:46 B C:\xampplite\htdocs\interface\ofa\src\js\edit_order.js --> ofar.com.ar /ofarv2/js edit_order.js
2007.10.11 19:46 B C:\xampplite\htdocs\interface\ofa\src\js\list_price.js --> ofar.com.ar /ofarv2/js list_price.js
2007.10.11 19:46 B C:\xampplite\htdocs\interface\ofa\src\js\login.js --> ofar.com.ar /ofarv2/js login.js
2007.10.11 19:46 B C:\xampplite\htdocs\interface\ofa\src\js\new_customer.js --> ofar.com.ar /ofarv2/js new_customer.js
2007.10.11 19:46 B C:\xampplite\htdocs\interface\ofa\src\js\products_table.js --> ofar.com.ar /ofarv2/js products_table.js
2007.10.11 19:46 B C:\xampplite\htdocs\interface\ofa\src\js\prototype.js --> ofar.com.ar /ofarv2/js prototype.js
2007.10.11 19:46 B C:\xampplite\htdocs\interface\ofa\src\js\search_customer.js --> ofar.com.ar /ofarv2/js search_customer.js
2007.10.11 19:46 B C:\xampplite\htdocs\interface\ofa\src\js\transaction.js --> ofar.com.ar /ofarv2/js transaction.js
2007.10.11 21:56 B C:\xampplite\htdocs\interface\ofa\src\js\abm.js --> ftp.blinkit.com.ar.elserver.com /htdocs/src/js abm.js
2007.10.11 21:56 B C:\xampplite\htdocs\interface\ofa\src\js\cls_iface_config.js --> ftp.blinkit.com.ar.elserver.com /htdocs/src/js cls_iface_config.js
2007.10.11 21:56 B C:\xampplite\htdocs\interface\ofa\src\js\dhtmlXCombo.js --> ftp.blinkit.com.ar.elserver.com /htdocs/src/js dhtmlXCombo.js
2007.10.11 21:56 B C:\xampplite\htdocs\interface\ofa\src\js\dhtmlXCombo_extra.js --> ftp.blinkit.com.ar.elserver.com /htdocs/src/js dhtmlXCombo_extra.js
2007.10.11 21:56 B C:\xampplite\htdocs\interface\ofa\src\js\dhtmlXCommon.js --> ftp.blinkit.com.ar.elserver.com /htdocs/src/js dhtmlXCommon.js
2007.10.11 21:56 B C:\xampplite\htdocs\interface\ofa\src\js\edit_order.js --> ftp.blinkit.com.ar.elserver.com /htdocs/src/js edit_order.js
2007.10.11 21:56 B C:\xampplite\htdocs\interface\ofa\src\js\list_price.js --> ftp.blinkit.com.ar.elserver.com /htdocs/src/js list_price.js
2007.10.11 21:56 B C:\xampplite\htdocs\interface\ofa\src\js\login.js --> ftp.blinkit.com.ar.elserver.com /htdocs/src/js login.js
2007.10.11 21:56 B C:\xampplite\htdocs\interface\ofa\src\js\new_customer.js --> ftp.blinkit.com.ar.elserver.com /htdocs/src/js new_customer.js
2007.10.11 21:56 B C:\xampplite\htdocs\interface\ofa\src\js\products_table.js --> ftp.blinkit.com.ar.elserver.com /htdocs/src/js products_table.js
2007.10.11 21:56 B C:\xampplite\htdocs\interface\ofa\src\js\prototype.js --> ftp.blinkit.com.ar.elserver.com /htdocs/src/js prototype.js
2007.10.11 21:56 B C:\xampplite\htdocs\interface\ofa\src\js\search_customer.js --> ftp.blinkit.com.ar.elserver.com /htdocs/src/js search_customer.js
2007.10.11 21:56 B C:\xampplite\htdocs\interface\ofa\src\js\transaction.js --> ftp.blinkit.com.ar.elserver.com /htdocs/src/js transaction.js
2007.10.11 21:56 B C:\xampplite\htdocs\interface\ofa\src\js\WS_FTP.LOG --> ftp.blinkit.com.ar.elserver.com /htdocs/src/js WS_FTP.LOG
2007.10.11 23:41 B C:\xampplite\htdocs\interface\ofa\src\js\abm.js --> ftp.blinkit.com.ar.elserver.com /htdocs/src/js abm.js
2007.10.20 12:19 B C:\xampplite\htdocs\interface\ofa\src\js\products_table.js <-- ofar /ofarv2/js products_table.js
2007.10.20 12:19 B C:\xampplite\htdocs\interface\ofa\src\js\transaction.js <-- ofar /ofarv2/js transaction.js
2007.10.20 12:19 B C:\xampplite\htdocs\interface\ofa\src\js\search_customer.js <-- ofar /ofarv2/js search_customer.js
2007.10.20 12:19 B C:\xampplite\htdocs\interface\ofa\src\js\prototype.js <-- ofar /ofarv2/js prototype.js
2007.10.20 12:19 B C:\xampplite\htdocs\interface\ofa\src\js\new_customer.js <-- ofar /ofarv2/js new_customer.js
2007.10.20 12:19 B C:\xampplite\htdocs\interface\ofa\src\js\login.js <-- ofar /ofarv2/js login.js
2007.10.20 12:19 B C:\xampplite\htdocs\interface\ofa\src\js\list_price.js <-- ofar /ofarv2/js list_price.js
2007.10.20 12:19 B C:\xampplite\htdocs\interface\ofa\src\js\edit_order.js <-- ofar /ofarv2/js edit_order.js
2007.10.20 12:19 B C:\xampplite\htdocs\interface\ofa\src\js\dhtmlXCommon.js <-- ofar /ofarv2/js dhtmlXCommon.js
2007.10.20 12:19 B C:\xampplite\htdocs\interface\ofa\src\js\dhtmlXCombo_extra.js <-- ofar /ofarv2/js dhtmlXCombo_extra.js
2007.10.20 12:19 B C:\xampplite\htdocs\interface\ofa\src\js\dhtmlXCombo.js <-- ofar /ofarv2/js dhtmlXCombo.js
2007.10.20 12:19 B C:\xampplite\htdocs\interface\ofa\src\js\cls_iface_config.js <-- ofar /ofarv2/js cls_iface_config.js
2007.10.20 12:19 B C:\xampplite\htdocs\interface\ofa\src\js\abm.js <-- ofar /ofarv2/js abm.js
2007.10.20 13:52 B C:\xampplite\htdocs\interface\ofa\src\js\new_customer.js --> ofar.com.ar /ofarv2/js new_customer.js
2007.11.05 23:29 B C:\xampplite\htdocs\interface\ofa\src\js\new_customer.js <-- ofar /ofarv2/js new_customer.js
2007.11.22 20:51 B C:\xampplite\htdocs\interface\ofa\src\js\new_customer.js --> ofar.com.ar /ofarv2/js new_customer.js
