2007.10.11 19:39 B C:\xampplite\htdocs\interface\ofa\src\classes\adodb\lang\adodb-ar.inc.php --> ofar.com.ar /ofarv2/classes/adodb/lang adodb-ar.inc.php
2007.10.11 19:39 B C:\xampplite\htdocs\interface\ofa\src\classes\adodb\lang\adodb-bg.inc.php --> ofar.com.ar /ofarv2/classes/adodb/lang adodb-bg.inc.php
2007.10.11 19:39 B C:\xampplite\htdocs\interface\ofa\src\classes\adodb\lang\adodb-bgutf8.inc.php --> ofar.com.ar /ofarv2/classes/adodb/lang adodb-bgutf8.inc.php
2007.10.11 19:39 B C:\xampplite\htdocs\interface\ofa\src\classes\adodb\lang\adodb-ca.inc.php --> ofar.com.ar /ofarv2/classes/adodb/lang adodb-ca.inc.php
2007.10.11 19:39 B C:\xampplite\htdocs\interface\ofa\src\classes\adodb\lang\adodb-cn.inc.php --> ofar.com.ar /ofarv2/classes/adodb/lang adodb-cn.inc.php
2007.10.11 19:39 B C:\xampplite\htdocs\interface\ofa\src\classes\adodb\lang\adodb-cz.inc.php --> ofar.com.ar /ofarv2/classes/adodb/lang adodb-cz.inc.php
2007.10.11 19:39 B C:\xampplite\htdocs\interface\ofa\src\classes\adodb\lang\adodb-da.inc.php --> ofar.com.ar /ofarv2/classes/adodb/lang adodb-da.inc.php
2007.10.11 19:39 B C:\xampplite\htdocs\interface\ofa\src\classes\adodb\lang\adodb-de.inc.php --> ofar.com.ar /ofarv2/classes/adodb/lang adodb-de.inc.php
2007.10.11 19:39 B C:\xampplite\htdocs\interface\ofa\src\classes\adodb\lang\adodb-en.inc.php --> ofar.com.ar /ofarv2/classes/adodb/lang adodb-en.inc.php
2007.10.11 19:39 B C:\xampplite\htdocs\interface\ofa\src\classes\adodb\lang\adodb-es.inc.php --> ofar.com.ar /ofarv2/classes/adodb/lang adodb-es.inc.php
2007.10.11 19:39 B C:\xampplite\htdocs\interface\ofa\src\classes\adodb\lang\adodb-esperanto.inc.php --> ofar.com.ar /ofarv2/classes/adodb/lang adodb-esperanto.inc.php
2007.10.11 19:39 B C:\xampplite\htdocs\interface\ofa\src\classes\adodb\lang\adodb-fr.inc.php --> ofar.com.ar /ofarv2/classes/adodb/lang adodb-fr.inc.php
2007.10.11 19:39 B C:\xampplite\htdocs\interface\ofa\src\classes\adodb\lang\adodb-hu.inc.php --> ofar.com.ar /ofarv2/classes/adodb/lang adodb-hu.inc.php
2007.10.11 19:39 B C:\xampplite\htdocs\interface\ofa\src\classes\adodb\lang\adodb-it.inc.php --> ofar.com.ar /ofarv2/classes/adodb/lang adodb-it.inc.php
2007.10.11 19:39 B C:\xampplite\htdocs\interface\ofa\src\classes\adodb\lang\adodb-nl.inc.php --> ofar.com.ar /ofarv2/classes/adodb/lang adodb-nl.inc.php
2007.10.11 19:39 B C:\xampplite\htdocs\interface\ofa\src\classes\adodb\lang\adodb-pl.inc.php --> ofar.com.ar /ofarv2/classes/adodb/lang adodb-pl.inc.php
2007.10.11 19:39 B C:\xampplite\htdocs\interface\ofa\src\classes\adodb\lang\adodb-pt-br.inc.php --> ofar.com.ar /ofarv2/classes/adodb/lang adodb-pt-br.inc.php
2007.10.11 19:39 B C:\xampplite\htdocs\interface\ofa\src\classes\adodb\lang\adodb-ro.inc.php --> ofar.com.ar /ofarv2/classes/adodb/lang adodb-ro.inc.php
2007.10.11 19:39 B C:\xampplite\htdocs\interface\ofa\src\classes\adodb\lang\adodb-ru1251.inc.php --> ofar.com.ar /ofarv2/classes/adodb/lang adodb-ru1251.inc.php
2007.10.11 19:39 B C:\xampplite\htdocs\interface\ofa\src\classes\adodb\lang\adodb-sv.inc.php --> ofar.com.ar /ofarv2/classes/adodb/lang adodb-sv.inc.php
2007.10.11 19:39 B C:\xampplite\htdocs\interface\ofa\src\classes\adodb\lang\adodb-uk1251.inc.php --> ofar.com.ar /ofarv2/classes/adodb/lang adodb-uk1251.inc.php
2007.10.11 19:39 B C:\xampplite\htdocs\interface\ofa\src\classes\adodb\lang\adodb_th.inc.php --> ofar.com.ar /ofarv2/classes/adodb/lang adodb_th.inc.php
2007.10.11 21:50 B C:\xampplite\htdocs\interface\ofa\src\classes\adodb\lang\adodb-ar.inc.php --> ftp.blinkit.com.ar.elserver.com /htdocs/src/classes/adodb/lang adodb-ar.inc.php
2007.10.11 21:50 B C:\xampplite\htdocs\interface\ofa\src\classes\adodb\lang\adodb-bg.inc.php --> ftp.blinkit.com.ar.elserver.com /htdocs/src/classes/adodb/lang adodb-bg.inc.php
2007.10.11 21:50 B C:\xampplite\htdocs\interface\ofa\src\classes\adodb\lang\adodb-bgutf8.inc.php --> ftp.blinkit.com.ar.elserver.com /htdocs/src/classes/adodb/lang adodb-bgutf8.inc.php
2007.10.11 21:50 B C:\xampplite\htdocs\interface\ofa\src\classes\adodb\lang\adodb-ca.inc.php --> ftp.blinkit.com.ar.elserver.com /htdocs/src/classes/adodb/lang adodb-ca.inc.php
2007.10.11 21:50 B C:\xampplite\htdocs\interface\ofa\src\classes\adodb\lang\adodb-cn.inc.php --> ftp.blinkit.com.ar.elserver.com /htdocs/src/classes/adodb/lang adodb-cn.inc.php
2007.10.11 21:50 B C:\xampplite\htdocs\interface\ofa\src\classes\adodb\lang\adodb-cz.inc.php --> ftp.blinkit.com.ar.elserver.com /htdocs/src/classes/adodb/lang adodb-cz.inc.php
2007.10.11 21:50 B C:\xampplite\htdocs\interface\ofa\src\classes\adodb\lang\adodb-da.inc.php --> ftp.blinkit.com.ar.elserver.com /htdocs/src/classes/adodb/lang adodb-da.inc.php
2007.10.11 21:50 B C:\xampplite\htdocs\interface\ofa\src\classes\adodb\lang\adodb-de.inc.php --> ftp.blinkit.com.ar.elserver.com /htdocs/src/classes/adodb/lang adodb-de.inc.php
2007.10.11 21:50 B C:\xampplite\htdocs\interface\ofa\src\classes\adodb\lang\adodb-en.inc.php --> ftp.blinkit.com.ar.elserver.com /htdocs/src/classes/adodb/lang adodb-en.inc.php
2007.10.11 21:50 B C:\xampplite\htdocs\interface\ofa\src\classes\adodb\lang\adodb-es.inc.php --> ftp.blinkit.com.ar.elserver.com /htdocs/src/classes/adodb/lang adodb-es.inc.php
2007.10.11 21:50 B C:\xampplite\htdocs\interface\ofa\src\classes\adodb\lang\adodb-esperanto.inc.php --> ftp.blinkit.com.ar.elserver.com /htdocs/src/classes/adodb/lang adodb-esperanto.inc.php
2007.10.11 21:50 B C:\xampplite\htdocs\interface\ofa\src\classes\adodb\lang\adodb-fr.inc.php --> ftp.blinkit.com.ar.elserver.com /htdocs/src/classes/adodb/lang adodb-fr.inc.php
2007.10.11 21:50 B C:\xampplite\htdocs\interface\ofa\src\classes\adodb\lang\adodb-hu.inc.php --> ftp.blinkit.com.ar.elserver.com /htdocs/src/classes/adodb/lang adodb-hu.inc.php
2007.10.11 21:50 B C:\xampplite\htdocs\interface\ofa\src\classes\adodb\lang\adodb-it.inc.php --> ftp.blinkit.com.ar.elserver.com /htdocs/src/classes/adodb/lang adodb-it.inc.php
2007.10.11 21:50 B C:\xampplite\htdocs\interface\ofa\src\classes\adodb\lang\adodb-nl.inc.php --> ftp.blinkit.com.ar.elserver.com /htdocs/src/classes/adodb/lang adodb-nl.inc.php
2007.10.11 21:50 B C:\xampplite\htdocs\interface\ofa\src\classes\adodb\lang\adodb-pl.inc.php --> ftp.blinkit.com.ar.elserver.com /htdocs/src/classes/adodb/lang adodb-pl.inc.php
2007.10.11 21:50 B C:\xampplite\htdocs\interface\ofa\src\classes\adodb\lang\adodb-pt-br.inc.php --> ftp.blinkit.com.ar.elserver.com /htdocs/src/classes/adodb/lang adodb-pt-br.inc.php
2007.10.11 21:50 B C:\xampplite\htdocs\interface\ofa\src\classes\adodb\lang\adodb-ro.inc.php --> ftp.blinkit.com.ar.elserver.com /htdocs/src/classes/adodb/lang adodb-ro.inc.php
2007.10.11 21:50 B C:\xampplite\htdocs\interface\ofa\src\classes\adodb\lang\adodb-ru1251.inc.php --> ftp.blinkit.com.ar.elserver.com /htdocs/src/classes/adodb/lang adodb-ru1251.inc.php
2007.10.11 21:50 B C:\xampplite\htdocs\interface\ofa\src\classes\adodb\lang\adodb-sv.inc.php --> ftp.blinkit.com.ar.elserver.com /htdocs/src/classes/adodb/lang adodb-sv.inc.php
2007.10.11 21:50 B C:\xampplite\htdocs\interface\ofa\src\classes\adodb\lang\adodb-uk1251.inc.php --> ftp.blinkit.com.ar.elserver.com /htdocs/src/classes/adodb/lang adodb-uk1251.inc.php
2007.10.11 21:50 B C:\xampplite\htdocs\interface\ofa\src\classes\adodb\lang\adodb_th.inc.php --> ftp.blinkit.com.ar.elserver.com /htdocs/src/classes/adodb/lang adodb_th.inc.php
2007.10.11 21:50 B C:\xampplite\htdocs\interface\ofa\src\classes\adodb\lang\WS_FTP.LOG --> ftp.blinkit.com.ar.elserver.com /htdocs/src/classes/adodb/lang WS_FTP.LOG
