2007.10.11 19:40 B C:\xampplite\htdocs\interface\ofa\src\classes\adodb\session\adodb-compress-bzip2.php --> ofar.com.ar /ofarv2/classes/adodb/session adodb-compress-bzip2.php
2007.10.11 19:40 B C:\xampplite\htdocs\interface\ofa\src\classes\adodb\session\adodb-compress-gzip.php --> ofar.com.ar /ofarv2/classes/adodb/session adodb-compress-gzip.php
2007.10.11 19:40 B C:\xampplite\htdocs\interface\ofa\src\classes\adodb\session\adodb-cryptsession.php --> ofar.com.ar /ofarv2/classes/adodb/session adodb-cryptsession.php
2007.10.11 19:40 B C:\xampplite\htdocs\interface\ofa\src\classes\adodb\session\adodb-cryptsession2.php --> ofar.com.ar /ofarv2/classes/adodb/session adodb-cryptsession2.php
2007.10.11 19:40 B C:\xampplite\htdocs\interface\ofa\src\classes\adodb\session\adodb-encrypt-mcrypt.php --> ofar.com.ar /ofarv2/classes/adodb/session adodb-encrypt-mcrypt.php
2007.10.11 19:40 B C:\xampplite\htdocs\interface\ofa\src\classes\adodb\session\adodb-encrypt-md5.php --> ofar.com.ar /ofarv2/classes/adodb/session adodb-encrypt-md5.php
2007.10.11 19:40 B C:\xampplite\htdocs\interface\ofa\src\classes\adodb\session\adodb-encrypt-secret.php --> ofar.com.ar /ofarv2/classes/adodb/session adodb-encrypt-secret.php
2007.10.11 19:41 B C:\xampplite\htdocs\interface\ofa\src\classes\adodb\session\adodb-encrypt-sha1.php --> ofar.com.ar /ofarv2/classes/adodb/session adodb-encrypt-sha1.php
2007.10.11 19:41 B C:\xampplite\htdocs\interface\ofa\src\classes\adodb\session\adodb-sess.txt --> ofar.com.ar /ofarv2/classes/adodb/session adodb-sess.txt
2007.10.11 19:41 B C:\xampplite\htdocs\interface\ofa\src\classes\adodb\session\adodb-session-clob.php --> ofar.com.ar /ofarv2/classes/adodb/session adodb-session-clob.php
2007.10.11 19:41 B C:\xampplite\htdocs\interface\ofa\src\classes\adodb\session\adodb-session-clob2.php --> ofar.com.ar /ofarv2/classes/adodb/session adodb-session-clob2.php
2007.10.11 19:41 B C:\xampplite\htdocs\interface\ofa\src\classes\adodb\session\adodb-session.php --> ofar.com.ar /ofarv2/classes/adodb/session adodb-session.php
2007.10.11 19:41 B C:\xampplite\htdocs\interface\ofa\src\classes\adodb\session\adodb-session2.php --> ofar.com.ar /ofarv2/classes/adodb/session adodb-session2.php
2007.10.11 19:41 B C:\xampplite\htdocs\interface\ofa\src\classes\adodb\session\adodb-sessions.mysql.sql --> ofar.com.ar /ofarv2/classes/adodb/session adodb-sessions.mysql.sql
2007.10.11 19:41 B C:\xampplite\htdocs\interface\ofa\src\classes\adodb\session\adodb-sessions.oracle.clob.sql --> ofar.com.ar /ofarv2/classes/adodb/session adodb-sessions.oracle.clob.sql
2007.10.11 19:41 B C:\xampplite\htdocs\interface\ofa\src\classes\adodb\session\adodb-sessions.oracle.sql --> ofar.com.ar /ofarv2/classes/adodb/session adodb-sessions.oracle.sql
2007.10.11 19:41 B C:\xampplite\htdocs\interface\ofa\src\classes\adodb\session\crypt.inc.php --> ofar.com.ar /ofarv2/classes/adodb/session crypt.inc.php
2007.10.11 19:41 B C:\xampplite\htdocs\interface\ofa\src\classes\adodb\session\session_schema.xml --> ofar.com.ar /ofarv2/classes/adodb/session session_schema.xml
2007.10.11 19:41 B C:\xampplite\htdocs\interface\ofa\src\classes\adodb\session\session_schema2.xml --> ofar.com.ar /ofarv2/classes/adodb/session session_schema2.xml
2007.10.11 21:51 B C:\xampplite\htdocs\interface\ofa\src\classes\adodb\session\adodb-compress-bzip2.php --> ftp.blinkit.com.ar.elserver.com /htdocs/src/classes/adodb/session adodb-compress-bzip2.php
2007.10.11 21:51 B C:\xampplite\htdocs\interface\ofa\src\classes\adodb\session\adodb-compress-gzip.php --> ftp.blinkit.com.ar.elserver.com /htdocs/src/classes/adodb/session adodb-compress-gzip.php
2007.10.11 21:51 B C:\xampplite\htdocs\interface\ofa\src\classes\adodb\session\adodb-cryptsession.php --> ftp.blinkit.com.ar.elserver.com /htdocs/src/classes/adodb/session adodb-cryptsession.php
2007.10.11 21:51 B C:\xampplite\htdocs\interface\ofa\src\classes\adodb\session\adodb-cryptsession2.php --> ftp.blinkit.com.ar.elserver.com /htdocs/src/classes/adodb/session adodb-cryptsession2.php
2007.10.11 21:51 B C:\xampplite\htdocs\interface\ofa\src\classes\adodb\session\adodb-encrypt-mcrypt.php --> ftp.blinkit.com.ar.elserver.com /htdocs/src/classes/adodb/session adodb-encrypt-mcrypt.php
2007.10.11 21:51 B C:\xampplite\htdocs\interface\ofa\src\classes\adodb\session\adodb-encrypt-md5.php --> ftp.blinkit.com.ar.elserver.com /htdocs/src/classes/adodb/session adodb-encrypt-md5.php
2007.10.11 21:51 B C:\xampplite\htdocs\interface\ofa\src\classes\adodb\session\adodb-encrypt-secret.php --> ftp.blinkit.com.ar.elserver.com /htdocs/src/classes/adodb/session adodb-encrypt-secret.php
2007.10.11 21:51 B C:\xampplite\htdocs\interface\ofa\src\classes\adodb\session\adodb-encrypt-sha1.php --> ftp.blinkit.com.ar.elserver.com /htdocs/src/classes/adodb/session adodb-encrypt-sha1.php
2007.10.11 21:51 B C:\xampplite\htdocs\interface\ofa\src\classes\adodb\session\adodb-sess.txt --> ftp.blinkit.com.ar.elserver.com /htdocs/src/classes/adodb/session adodb-sess.txt
2007.10.11 21:51 B C:\xampplite\htdocs\interface\ofa\src\classes\adodb\session\adodb-session-clob.php --> ftp.blinkit.com.ar.elserver.com /htdocs/src/classes/adodb/session adodb-session-clob.php
2007.10.11 21:51 B C:\xampplite\htdocs\interface\ofa\src\classes\adodb\session\adodb-session-clob2.php --> ftp.blinkit.com.ar.elserver.com /htdocs/src/classes/adodb/session adodb-session-clob2.php
2007.10.11 21:51 B C:\xampplite\htdocs\interface\ofa\src\classes\adodb\session\adodb-session.php --> ftp.blinkit.com.ar.elserver.com /htdocs/src/classes/adodb/session adodb-session.php
2007.10.11 21:51 B C:\xampplite\htdocs\interface\ofa\src\classes\adodb\session\adodb-session2.php --> ftp.blinkit.com.ar.elserver.com /htdocs/src/classes/adodb/session adodb-session2.php
2007.10.11 21:51 B C:\xampplite\htdocs\interface\ofa\src\classes\adodb\session\adodb-sessions.mysql.sql --> ftp.blinkit.com.ar.elserver.com /htdocs/src/classes/adodb/session adodb-sessions.mysql.sql
2007.10.11 21:51 B C:\xampplite\htdocs\interface\ofa\src\classes\adodb\session\adodb-sessions.oracle.clob.sql --> ftp.blinkit.com.ar.elserver.com /htdocs/src/classes/adodb/session adodb-sessions.oracle.clob.sql
2007.10.11 21:51 B C:\xampplite\htdocs\interface\ofa\src\classes\adodb\session\adodb-sessions.oracle.sql --> ftp.blinkit.com.ar.elserver.com /htdocs/src/classes/adodb/session adodb-sessions.oracle.sql
2007.10.11 21:51 B C:\xampplite\htdocs\interface\ofa\src\classes\adodb\session\crypt.inc.php --> ftp.blinkit.com.ar.elserver.com /htdocs/src/classes/adodb/session crypt.inc.php
2007.10.11 21:51 B C:\xampplite\htdocs\interface\ofa\src\classes\adodb\session\session_schema.xml --> ftp.blinkit.com.ar.elserver.com /htdocs/src/classes/adodb/session session_schema.xml
2007.10.11 21:51 B C:\xampplite\htdocs\interface\ofa\src\classes\adodb\session\session_schema2.xml --> ftp.blinkit.com.ar.elserver.com /htdocs/src/classes/adodb/session session_schema2.xml
2007.10.11 21:51 B C:\xampplite\htdocs\interface\ofa\src\classes\adodb\session\WS_FTP.LOG --> ftp.blinkit.com.ar.elserver.com /htdocs/src/classes/adodb/session WS_FTP.LOG
