2007.10.11 19:38 B C:\xampplite\htdocs\interface\ofa\src\classes\adodb\drivers\adodb-access.inc.php --> ofar.com.ar /ofarv2/classes/adodb/drivers adodb-access.inc.php
2007.10.11 19:38 B C:\xampplite\htdocs\interface\ofa\src\classes\adodb\drivers\adodb-ado.inc.php --> ofar.com.ar /ofarv2/classes/adodb/drivers adodb-ado.inc.php
2007.10.11 19:38 B C:\xampplite\htdocs\interface\ofa\src\classes\adodb\drivers\adodb-ado5.inc.php --> ofar.com.ar /ofarv2/classes/adodb/drivers adodb-ado5.inc.php
2007.10.11 19:38 B C:\xampplite\htdocs\interface\ofa\src\classes\adodb\drivers\adodb-ado_access.inc.php --> ofar.com.ar /ofarv2/classes/adodb/drivers adodb-ado_access.inc.php
2007.10.11 19:38 B C:\xampplite\htdocs\interface\ofa\src\classes\adodb\drivers\adodb-ado_mssql.inc.php --> ofar.com.ar /ofarv2/classes/adodb/drivers adodb-ado_mssql.inc.php
2007.10.11 19:38 B C:\xampplite\htdocs\interface\ofa\src\classes\adodb\drivers\adodb-borland_ibase.inc.php --> ofar.com.ar /ofarv2/classes/adodb/drivers adodb-borland_ibase.inc.php
2007.10.11 19:38 B C:\xampplite\htdocs\interface\ofa\src\classes\adodb\drivers\adodb-csv.inc.php --> ofar.com.ar /ofarv2/classes/adodb/drivers adodb-csv.inc.php
2007.10.11 19:38 B C:\xampplite\htdocs\interface\ofa\src\classes\adodb\drivers\adodb-db2.inc.php --> ofar.com.ar /ofarv2/classes/adodb/drivers adodb-db2.inc.php
2007.10.11 19:38 B C:\xampplite\htdocs\interface\ofa\src\classes\adodb\drivers\adodb-fbsql.inc.php --> ofar.com.ar /ofarv2/classes/adodb/drivers adodb-fbsql.inc.php
2007.10.11 19:38 B C:\xampplite\htdocs\interface\ofa\src\classes\adodb\drivers\adodb-firebird.inc.php --> ofar.com.ar /ofarv2/classes/adodb/drivers adodb-firebird.inc.php
2007.10.11 19:38 B C:\xampplite\htdocs\interface\ofa\src\classes\adodb\drivers\adodb-ibase.inc.php --> ofar.com.ar /ofarv2/classes/adodb/drivers adodb-ibase.inc.php
2007.10.11 19:38 B C:\xampplite\htdocs\interface\ofa\src\classes\adodb\drivers\adodb-informix.inc.php --> ofar.com.ar /ofarv2/classes/adodb/drivers adodb-informix.inc.php
2007.10.11 19:38 B C:\xampplite\htdocs\interface\ofa\src\classes\adodb\drivers\adodb-informix72.inc.php --> ofar.com.ar /ofarv2/classes/adodb/drivers adodb-informix72.inc.php
2007.10.11 19:38 B C:\xampplite\htdocs\interface\ofa\src\classes\adodb\drivers\adodb-ldap.inc.php --> ofar.com.ar /ofarv2/classes/adodb/drivers adodb-ldap.inc.php
2007.10.11 19:38 B C:\xampplite\htdocs\interface\ofa\src\classes\adodb\drivers\adodb-mssql.inc.php --> ofar.com.ar /ofarv2/classes/adodb/drivers adodb-mssql.inc.php
2007.10.11 19:38 B C:\xampplite\htdocs\interface\ofa\src\classes\adodb\drivers\adodb-mssql_n.inc.php --> ofar.com.ar /ofarv2/classes/adodb/drivers adodb-mssql_n.inc.php
2007.10.11 19:38 B C:\xampplite\htdocs\interface\ofa\src\classes\adodb\drivers\adodb-mssqlpo.inc.php --> ofar.com.ar /ofarv2/classes/adodb/drivers adodb-mssqlpo.inc.php
2007.10.11 19:38 B C:\xampplite\htdocs\interface\ofa\src\classes\adodb\drivers\adodb-mysql.inc.php --> ofar.com.ar /ofarv2/classes/adodb/drivers adodb-mysql.inc.php
2007.10.11 19:38 B C:\xampplite\htdocs\interface\ofa\src\classes\adodb\drivers\adodb-mysqli.inc.php --> ofar.com.ar /ofarv2/classes/adodb/drivers adodb-mysqli.inc.php
2007.10.11 19:38 B C:\xampplite\htdocs\interface\ofa\src\classes\adodb\drivers\adodb-mysqlt.inc.php --> ofar.com.ar /ofarv2/classes/adodb/drivers adodb-mysqlt.inc.php
2007.10.11 19:38 B C:\xampplite\htdocs\interface\ofa\src\classes\adodb\drivers\adodb-netezza.inc.php --> ofar.com.ar /ofarv2/classes/adodb/drivers adodb-netezza.inc.php
2007.10.11 19:38 B C:\xampplite\htdocs\interface\ofa\src\classes\adodb\drivers\adodb-oci8.inc.php --> ofar.com.ar /ofarv2/classes/adodb/drivers adodb-oci8.inc.php
2007.10.11 19:38 B C:\xampplite\htdocs\interface\ofa\src\classes\adodb\drivers\adodb-oci805.inc.php --> ofar.com.ar /ofarv2/classes/adodb/drivers adodb-oci805.inc.php
2007.10.11 19:38 B C:\xampplite\htdocs\interface\ofa\src\classes\adodb\drivers\adodb-oci8po.inc.php --> ofar.com.ar /ofarv2/classes/adodb/drivers adodb-oci8po.inc.php
2007.10.11 19:38 B C:\xampplite\htdocs\interface\ofa\src\classes\adodb\drivers\adodb-odbc.inc.php --> ofar.com.ar /ofarv2/classes/adodb/drivers adodb-odbc.inc.php
2007.10.11 19:38 B C:\xampplite\htdocs\interface\ofa\src\classes\adodb\drivers\adodb-odbc_db2.inc.php --> ofar.com.ar /ofarv2/classes/adodb/drivers adodb-odbc_db2.inc.php
2007.10.11 19:38 B C:\xampplite\htdocs\interface\ofa\src\classes\adodb\drivers\adodb-odbc_mssql.inc.php --> ofar.com.ar /ofarv2/classes/adodb/drivers adodb-odbc_mssql.inc.php
2007.10.11 19:38 B C:\xampplite\htdocs\interface\ofa\src\classes\adodb\drivers\adodb-odbc_oracle.inc.php --> ofar.com.ar /ofarv2/classes/adodb/drivers adodb-odbc_oracle.inc.php
2007.10.11 19:38 B C:\xampplite\htdocs\interface\ofa\src\classes\adodb\drivers\adodb-odbtp.inc.php --> ofar.com.ar /ofarv2/classes/adodb/drivers adodb-odbtp.inc.php
2007.10.11 19:38 B C:\xampplite\htdocs\interface\ofa\src\classes\adodb\drivers\adodb-odbtp_unicode.inc.php --> ofar.com.ar /ofarv2/classes/adodb/drivers adodb-odbtp_unicode.inc.php
2007.10.11 19:38 B C:\xampplite\htdocs\interface\ofa\src\classes\adodb\drivers\adodb-oracle.inc.php --> ofar.com.ar /ofarv2/classes/adodb/drivers adodb-oracle.inc.php
2007.10.11 19:38 B C:\xampplite\htdocs\interface\ofa\src\classes\adodb\drivers\adodb-pdo.inc.php --> ofar.com.ar /ofarv2/classes/adodb/drivers adodb-pdo.inc.php
2007.10.11 19:38 B C:\xampplite\htdocs\interface\ofa\src\classes\adodb\drivers\adodb-pdo_mssql.inc.php --> ofar.com.ar /ofarv2/classes/adodb/drivers adodb-pdo_mssql.inc.php
2007.10.11 19:38 B C:\xampplite\htdocs\interface\ofa\src\classes\adodb\drivers\adodb-pdo_mysql.inc.php --> ofar.com.ar /ofarv2/classes/adodb/drivers adodb-pdo_mysql.inc.php
2007.10.11 19:38 B C:\xampplite\htdocs\interface\ofa\src\classes\adodb\drivers\adodb-pdo_oci.inc.php --> ofar.com.ar /ofarv2/classes/adodb/drivers adodb-pdo_oci.inc.php
2007.10.11 19:38 B C:\xampplite\htdocs\interface\ofa\src\classes\adodb\drivers\adodb-pdo_pgsql.inc.php --> ofar.com.ar /ofarv2/classes/adodb/drivers adodb-pdo_pgsql.inc.php
2007.10.11 19:38 B C:\xampplite\htdocs\interface\ofa\src\classes\adodb\drivers\adodb-postgres.inc.php --> ofar.com.ar /ofarv2/classes/adodb/drivers adodb-postgres.inc.php
2007.10.11 19:38 B C:\xampplite\htdocs\interface\ofa\src\classes\adodb\drivers\adodb-postgres64.inc.php --> ofar.com.ar /ofarv2/classes/adodb/drivers adodb-postgres64.inc.php
2007.10.11 19:38 B C:\xampplite\htdocs\interface\ofa\src\classes\adodb\drivers\adodb-postgres7.inc.php --> ofar.com.ar /ofarv2/classes/adodb/drivers adodb-postgres7.inc.php
2007.10.11 19:38 B C:\xampplite\htdocs\interface\ofa\src\classes\adodb\drivers\adodb-postgres8.inc.php --> ofar.com.ar /ofarv2/classes/adodb/drivers adodb-postgres8.inc.php
2007.10.11 19:38 B C:\xampplite\htdocs\interface\ofa\src\classes\adodb\drivers\adodb-proxy.inc.php --> ofar.com.ar /ofarv2/classes/adodb/drivers adodb-proxy.inc.php
2007.10.11 19:38 B C:\xampplite\htdocs\interface\ofa\src\classes\adodb\drivers\adodb-sapdb.inc.php --> ofar.com.ar /ofarv2/classes/adodb/drivers adodb-sapdb.inc.php
2007.10.11 19:38 B C:\xampplite\htdocs\interface\ofa\src\classes\adodb\drivers\adodb-sqlanywhere.inc.php --> ofar.com.ar /ofarv2/classes/adodb/drivers adodb-sqlanywhere.inc.php
2007.10.11 19:38 B C:\xampplite\htdocs\interface\ofa\src\classes\adodb\drivers\adodb-sqlite.inc.php --> ofar.com.ar /ofarv2/classes/adodb/drivers adodb-sqlite.inc.php
2007.10.11 19:38 B C:\xampplite\htdocs\interface\ofa\src\classes\adodb\drivers\adodb-sqlitepo.inc.php --> ofar.com.ar /ofarv2/classes/adodb/drivers adodb-sqlitepo.inc.php
2007.10.11 19:38 B C:\xampplite\htdocs\interface\ofa\src\classes\adodb\drivers\adodb-sybase.inc.php --> ofar.com.ar /ofarv2/classes/adodb/drivers adodb-sybase.inc.php
2007.10.11 19:38 B C:\xampplite\htdocs\interface\ofa\src\classes\adodb\drivers\adodb-sybase_ase.inc.php --> ofar.com.ar /ofarv2/classes/adodb/drivers adodb-sybase_ase.inc.php
2007.10.11 19:38 B C:\xampplite\htdocs\interface\ofa\src\classes\adodb\drivers\adodb-vfp.inc.php --> ofar.com.ar /ofarv2/classes/adodb/drivers adodb-vfp.inc.php
2007.10.11 21:50 B C:\xampplite\htdocs\interface\ofa\src\classes\adodb\drivers\adodb-access.inc.php --> ftp.blinkit.com.ar.elserver.com /htdocs/src/classes/adodb/drivers adodb-access.inc.php
2007.10.11 21:50 B C:\xampplite\htdocs\interface\ofa\src\classes\adodb\drivers\adodb-ado.inc.php --> ftp.blinkit.com.ar.elserver.com /htdocs/src/classes/adodb/drivers adodb-ado.inc.php
2007.10.11 21:50 B C:\xampplite\htdocs\interface\ofa\src\classes\adodb\drivers\adodb-ado5.inc.php --> ftp.blinkit.com.ar.elserver.com /htdocs/src/classes/adodb/drivers adodb-ado5.inc.php
2007.10.11 21:50 B C:\xampplite\htdocs\interface\ofa\src\classes\adodb\drivers\adodb-ado_access.inc.php --> ftp.blinkit.com.ar.elserver.com /htdocs/src/classes/adodb/drivers adodb-ado_access.inc.php
2007.10.11 21:50 B C:\xampplite\htdocs\interface\ofa\src\classes\adodb\drivers\adodb-ado_mssql.inc.php --> ftp.blinkit.com.ar.elserver.com /htdocs/src/classes/adodb/drivers adodb-ado_mssql.inc.php
2007.10.11 21:50 B C:\xampplite\htdocs\interface\ofa\src\classes\adodb\drivers\adodb-borland_ibase.inc.php --> ftp.blinkit.com.ar.elserver.com /htdocs/src/classes/adodb/drivers adodb-borland_ibase.inc.php
2007.10.11 21:50 B C:\xampplite\htdocs\interface\ofa\src\classes\adodb\drivers\adodb-csv.inc.php --> ftp.blinkit.com.ar.elserver.com /htdocs/src/classes/adodb/drivers adodb-csv.inc.php
2007.10.11 21:50 B C:\xampplite\htdocs\interface\ofa\src\classes\adodb\drivers\adodb-db2.inc.php --> ftp.blinkit.com.ar.elserver.com /htdocs/src/classes/adodb/drivers adodb-db2.inc.php
2007.10.11 21:50 B C:\xampplite\htdocs\interface\ofa\src\classes\adodb\drivers\adodb-fbsql.inc.php --> ftp.blinkit.com.ar.elserver.com /htdocs/src/classes/adodb/drivers adodb-fbsql.inc.php
2007.10.11 21:50 B C:\xampplite\htdocs\interface\ofa\src\classes\adodb\drivers\adodb-firebird.inc.php --> ftp.blinkit.com.ar.elserver.com /htdocs/src/classes/adodb/drivers adodb-firebird.inc.php
2007.10.11 21:50 B C:\xampplite\htdocs\interface\ofa\src\classes\adodb\drivers\adodb-ibase.inc.php --> ftp.blinkit.com.ar.elserver.com /htdocs/src/classes/adodb/drivers adodb-ibase.inc.php
2007.10.11 21:50 B C:\xampplite\htdocs\interface\ofa\src\classes\adodb\drivers\adodb-informix.inc.php --> ftp.blinkit.com.ar.elserver.com /htdocs/src/classes/adodb/drivers adodb-informix.inc.php
2007.10.11 21:50 B C:\xampplite\htdocs\interface\ofa\src\classes\adodb\drivers\adodb-informix72.inc.php --> ftp.blinkit.com.ar.elserver.com /htdocs/src/classes/adodb/drivers adodb-informix72.inc.php
2007.10.11 21:50 B C:\xampplite\htdocs\interface\ofa\src\classes\adodb\drivers\adodb-ldap.inc.php --> ftp.blinkit.com.ar.elserver.com /htdocs/src/classes/adodb/drivers adodb-ldap.inc.php
2007.10.11 21:50 B C:\xampplite\htdocs\interface\ofa\src\classes\adodb\drivers\adodb-mssql.inc.php --> ftp.blinkit.com.ar.elserver.com /htdocs/src/classes/adodb/drivers adodb-mssql.inc.php
2007.10.11 21:50 B C:\xampplite\htdocs\interface\ofa\src\classes\adodb\drivers\adodb-mssql_n.inc.php --> ftp.blinkit.com.ar.elserver.com /htdocs/src/classes/adodb/drivers adodb-mssql_n.inc.php
2007.10.11 21:50 B C:\xampplite\htdocs\interface\ofa\src\classes\adodb\drivers\adodb-mssqlpo.inc.php --> ftp.blinkit.com.ar.elserver.com /htdocs/src/classes/adodb/drivers adodb-mssqlpo.inc.php
2007.10.11 21:50 B C:\xampplite\htdocs\interface\ofa\src\classes\adodb\drivers\adodb-mysql.inc.php --> ftp.blinkit.com.ar.elserver.com /htdocs/src/classes/adodb/drivers adodb-mysql.inc.php
2007.10.11 21:50 B C:\xampplite\htdocs\interface\ofa\src\classes\adodb\drivers\adodb-mysqli.inc.php --> ftp.blinkit.com.ar.elserver.com /htdocs/src/classes/adodb/drivers adodb-mysqli.inc.php
2007.10.11 21:50 B C:\xampplite\htdocs\interface\ofa\src\classes\adodb\drivers\adodb-mysqlt.inc.php --> ftp.blinkit.com.ar.elserver.com /htdocs/src/classes/adodb/drivers adodb-mysqlt.inc.php
2007.10.11 21:50 B C:\xampplite\htdocs\interface\ofa\src\classes\adodb\drivers\adodb-netezza.inc.php --> ftp.blinkit.com.ar.elserver.com /htdocs/src/classes/adodb/drivers adodb-netezza.inc.php
2007.10.11 21:50 B C:\xampplite\htdocs\interface\ofa\src\classes\adodb\drivers\adodb-oci8.inc.php --> ftp.blinkit.com.ar.elserver.com /htdocs/src/classes/adodb/drivers adodb-oci8.inc.php
2007.10.11 21:50 B C:\xampplite\htdocs\interface\ofa\src\classes\adodb\drivers\adodb-oci805.inc.php --> ftp.blinkit.com.ar.elserver.com /htdocs/src/classes/adodb/drivers adodb-oci805.inc.php
2007.10.11 21:50 B C:\xampplite\htdocs\interface\ofa\src\classes\adodb\drivers\adodb-oci8po.inc.php --> ftp.blinkit.com.ar.elserver.com /htdocs/src/classes/adodb/drivers adodb-oci8po.inc.php
2007.10.11 21:50 B C:\xampplite\htdocs\interface\ofa\src\classes\adodb\drivers\adodb-odbc.inc.php --> ftp.blinkit.com.ar.elserver.com /htdocs/src/classes/adodb/drivers adodb-odbc.inc.php
2007.10.11 21:50 B C:\xampplite\htdocs\interface\ofa\src\classes\adodb\drivers\adodb-odbc_db2.inc.php --> ftp.blinkit.com.ar.elserver.com /htdocs/src/classes/adodb/drivers adodb-odbc_db2.inc.php
2007.10.11 21:50 B C:\xampplite\htdocs\interface\ofa\src\classes\adodb\drivers\adodb-odbc_mssql.inc.php --> ftp.blinkit.com.ar.elserver.com /htdocs/src/classes/adodb/drivers adodb-odbc_mssql.inc.php
2007.10.11 21:50 B C:\xampplite\htdocs\interface\ofa\src\classes\adodb\drivers\adodb-odbc_oracle.inc.php --> ftp.blinkit.com.ar.elserver.com /htdocs/src/classes/adodb/drivers adodb-odbc_oracle.inc.php
2007.10.11 21:50 B C:\xampplite\htdocs\interface\ofa\src\classes\adodb\drivers\adodb-odbtp.inc.php --> ftp.blinkit.com.ar.elserver.com /htdocs/src/classes/adodb/drivers adodb-odbtp.inc.php
2007.10.11 21:50 B C:\xampplite\htdocs\interface\ofa\src\classes\adodb\drivers\adodb-odbtp_unicode.inc.php --> ftp.blinkit.com.ar.elserver.com /htdocs/src/classes/adodb/drivers adodb-odbtp_unicode.inc.php
2007.10.11 21:50 B C:\xampplite\htdocs\interface\ofa\src\classes\adodb\drivers\adodb-oracle.inc.php --> ftp.blinkit.com.ar.elserver.com /htdocs/src/classes/adodb/drivers adodb-oracle.inc.php
2007.10.11 21:50 B C:\xampplite\htdocs\interface\ofa\src\classes\adodb\drivers\adodb-pdo.inc.php --> ftp.blinkit.com.ar.elserver.com /htdocs/src/classes/adodb/drivers adodb-pdo.inc.php
2007.10.11 21:50 B C:\xampplite\htdocs\interface\ofa\src\classes\adodb\drivers\adodb-pdo_mssql.inc.php --> ftp.blinkit.com.ar.elserver.com /htdocs/src/classes/adodb/drivers adodb-pdo_mssql.inc.php
2007.10.11 21:50 B C:\xampplite\htdocs\interface\ofa\src\classes\adodb\drivers\adodb-pdo_mysql.inc.php --> ftp.blinkit.com.ar.elserver.com /htdocs/src/classes/adodb/drivers adodb-pdo_mysql.inc.php
2007.10.11 21:50 B C:\xampplite\htdocs\interface\ofa\src\classes\adodb\drivers\adodb-pdo_oci.inc.php --> ftp.blinkit.com.ar.elserver.com /htdocs/src/classes/adodb/drivers adodb-pdo_oci.inc.php
2007.10.11 21:50 B C:\xampplite\htdocs\interface\ofa\src\classes\adodb\drivers\adodb-pdo_pgsql.inc.php --> ftp.blinkit.com.ar.elserver.com /htdocs/src/classes/adodb/drivers adodb-pdo_pgsql.inc.php
2007.10.11 21:50 B C:\xampplite\htdocs\interface\ofa\src\classes\adodb\drivers\adodb-postgres.inc.php --> ftp.blinkit.com.ar.elserver.com /htdocs/src/classes/adodb/drivers adodb-postgres.inc.php
2007.10.11 21:50 B C:\xampplite\htdocs\interface\ofa\src\classes\adodb\drivers\adodb-postgres64.inc.php --> ftp.blinkit.com.ar.elserver.com /htdocs/src/classes/adodb/drivers adodb-postgres64.inc.php
2007.10.11 21:50 B C:\xampplite\htdocs\interface\ofa\src\classes\adodb\drivers\adodb-postgres7.inc.php --> ftp.blinkit.com.ar.elserver.com /htdocs/src/classes/adodb/drivers adodb-postgres7.inc.php
2007.10.11 21:50 B C:\xampplite\htdocs\interface\ofa\src\classes\adodb\drivers\adodb-postgres8.inc.php --> ftp.blinkit.com.ar.elserver.com /htdocs/src/classes/adodb/drivers adodb-postgres8.inc.php
2007.10.11 21:50 B C:\xampplite\htdocs\interface\ofa\src\classes\adodb\drivers\adodb-proxy.inc.php --> ftp.blinkit.com.ar.elserver.com /htdocs/src/classes/adodb/drivers adodb-proxy.inc.php
2007.10.11 21:50 B C:\xampplite\htdocs\interface\ofa\src\classes\adodb\drivers\adodb-sapdb.inc.php --> ftp.blinkit.com.ar.elserver.com /htdocs/src/classes/adodb/drivers adodb-sapdb.inc.php
2007.10.11 21:50 B C:\xampplite\htdocs\interface\ofa\src\classes\adodb\drivers\adodb-sqlanywhere.inc.php --> ftp.blinkit.com.ar.elserver.com /htdocs/src/classes/adodb/drivers adodb-sqlanywhere.inc.php
2007.10.11 21:50 B C:\xampplite\htdocs\interface\ofa\src\classes\adodb\drivers\adodb-sqlite.inc.php --> ftp.blinkit.com.ar.elserver.com /htdocs/src/classes/adodb/drivers adodb-sqlite.inc.php
2007.10.11 21:50 B C:\xampplite\htdocs\interface\ofa\src\classes\adodb\drivers\adodb-sqlitepo.inc.php --> ftp.blinkit.com.ar.elserver.com /htdocs/src/classes/adodb/drivers adodb-sqlitepo.inc.php
2007.10.11 21:50 B C:\xampplite\htdocs\interface\ofa\src\classes\adodb\drivers\adodb-sybase.inc.php --> ftp.blinkit.com.ar.elserver.com /htdocs/src/classes/adodb/drivers adodb-sybase.inc.php
2007.10.11 21:50 B C:\xampplite\htdocs\interface\ofa\src\classes\adodb\drivers\adodb-sybase_ase.inc.php --> ftp.blinkit.com.ar.elserver.com /htdocs/src/classes/adodb/drivers adodb-sybase_ase.inc.php
2007.10.11 21:50 B C:\xampplite\htdocs\interface\ofa\src\classes\adodb\drivers\adodb-vfp.inc.php --> ftp.blinkit.com.ar.elserver.com /htdocs/src/classes/adodb/drivers adodb-vfp.inc.php
2007.10.11 21:50 B C:\xampplite\htdocs\interface\ofa\src\classes\adodb\drivers\WS_FTP.LOG --> ftp.blinkit.com.ar.elserver.com /htdocs/src/classes/adodb/drivers WS_FTP.LOG
